2023-03-01 15:15:47,087 - ts_mome_backtest.py[line:71] - INFO: ----------------------------------------------
2023-03-01 15:15:47,088 - ts_mome_backtest.py[line:72] - INFO: 2023-02-27 00:00:00交易开始
2023-03-01 15:15:47,089 - ts_mome_backtest.py[line:81] - INFO: 有标的因子值为nan, 不进行交易
2023-03-01 15:15:47,090 - ts_mome_backtest.py[line:84] - INFO: 2023-02-27 00:00:00交易结束, 当天总收益率为0.0
2023-03-01 15:15:47,090 - ts_mome_backtest.py[line:71] - INFO: ----------------------------------------------
2023-03-01 15:15:47,091 - ts_mome_backtest.py[line:72] - INFO: 2023-02-24 00:00:00交易开始
2023-03-01 15:15:47,091 - ts_mome_backtest.py[line:81] - INFO: 有标的因子值为nan, 不进行交易
2023-03-01 15:15:47,092 - ts_mome_backtest.py[line:84] - INFO: 2023-02-24 00:00:00交易结束, 当天总收益率为0.0
2023-03-01 15:15:47,092 - ts_mome_backtest.py[line:71] - INFO: ----------------------------------------------
2023-03-01 15:15:47,093 - ts_mome_backtest.py[line:72] - INFO: 2023-02-23 00:00:00交易开始
2023-03-01 15:15:47,093 - ts_mome_backtest.py[line:81] - INFO: 有标的因子值为nan, 不进行交易
2023-03-01 15:15:47,094 - ts_mome_backtest.py[line:84] - INFO: 2023-02-23 00:00:00交易结束, 当天总收益率为0.0
2023-03-01 15:15:47,095 - ts_mome_backtest.py[line:71] - INFO: ----------------------------------------------
2023-03-01 15:15:47,095 - ts_mome_backtest.py[line:72] - INFO: 2023-02-22 00:00:00交易开始
2023-03-01 15:15:47,096 - ts_mome_backtest.py[line:81] - INFO: 有标的因子值为nan, 不进行交易
2023-03-01 15:15:47,097 - ts_mome_backtest.py[line:84] - INFO: 2023-02-22 00:00:00交易结束, 当天总收益率为0.0
2023-03-01 15:15:47,097 - ts_mome_backtest.py[line:71] - INFO: ----------------------------------------------
2023-03-01 15:15:47,097 - ts_mome_backtest.py[line:72] - INFO: 2023-02-21 00:00:00交易开始
2023-03-01 15:15:47,098 - ts_mome_backtest.py[line:81] - INFO: 有标的因子值为nan, 不进行交易
2023-03-01 15:15:47,099 - ts_mome_backtest.py[line:84] - INFO: 2023-02-21 00:00:00交易结束, 当天总收益率为0.0
2023-03-01 15:15:47,099 - ts_mome_backtest.py[line:71] - INFO: ----------------------------------------------
2023-03-01 15:15:47,100 - ts_mome_backtest.py[line:72] - INFO: 2023-02-20 00:00:00交易开始
2023-03-01 15:15:47,101 - ts_mome_backtest.py[line:81] - INFO: 有标的因子值为nan, 不进行交易
2023-03-01 15:15:47,102 - ts_mome_backtest.py[line:84] - INFO: 2023-02-20 00:00:00交易结束, 当天总收益率为0.0
2023-03-01 15:15:47,102 - ts_mome_backtest.py[line:71] - INFO: ----------------------------------------------
2023-03-01 15:15:47,102 - ts_mome_backtest.py[line:72] - INFO: 2023-02-17 00:00:00交易开始
2023-03-01 15:15:47,103 - ts_mome_backtest.py[line:81] - INFO: 有标的因子值为nan, 不进行交易
2023-03-01 15:15:47,103 - ts_mome_backtest.py[line:84] - INFO: 2023-02-17 00:00:00交易结束, 当天总收益率为0.0
2023-03-01 15:15:47,104 - ts_mome_backtest.py[line:71] - INFO: ----------------------------------------------
2023-03-01 15:15:47,104 - ts_mome_backtest.py[line:72] - INFO: 2023-02-16 00:00:00交易开始
2023-03-01 15:15:47,104 - ts_mome_backtest.py[line:81] - INFO: 有标的因子值为nan, 不进行交易
2023-03-01 15:15:47,105 - ts_mome_backtest.py[line:84] - INFO: 2023-02-16 00:00:00交易结束, 当天总收益率为0.0
2023-03-01 15:15:47,106 - ts_mome_backtest.py[line:71] - INFO: ----------------------------------------------
2023-03-01 15:15:47,106 - ts_mome_backtest.py[line:72] - INFO: 2023-02-15 00:00:00交易开始
2023-03-01 15:15:47,107 - ts_mome_backtest.py[line:81] - INFO: 有标的因子值为nan, 不进行交易
2023-03-01 15:15:47,107 - ts_mome_backtest.py[line:84] - INFO: 2023-02-15 00:00:00交易结束, 当天总收益率为0.0
2023-03-01 15:15:47,108 - ts_mome_backtest.py[line:71] - INFO: ----------------------------------------------
2023-03-01 15:15:47,108 - ts_mome_backtest.py[line:72] - INFO: 2023-02-14 00:00:00交易开始
2023-03-01 15:15:47,108 - ts_mome_backtest.py[line:81] - INFO: 有标的因子值为nan, 不进行交易
2023-03-01 15:15:47,109 - ts_mome_backtest.py[line:84] - INFO: 2023-02-14 00:00:00交易结束, 当天总收益率为0.0
2023-03-01 15:15:47,109 - ts_mome_backtest.py[line:71] - INFO: ----------------------------------------------
2023-03-01 15:15:47,110 - ts_mome_backtest.py[line:72] - INFO: 2023-02-13 00:00:00交易开始
2023-03-01 15:15:47,111 - ts_mome_backtest.py[line:115] - INFO: 标的因子值相差大于阈值, 进行新交易
2023-03-01 15:15:47,112 - ts_mome_backtest.py[line:142] - INFO: 空IF多IM; IF开仓4096.0, IF平仓4144.0, 收益率-0.01171875, 仓位0.4220609083311375; IM开仓6939.0, IM平仓7022.4, 收益率0.012019022913964495, 仓位0.5779390916688625.
2023-03-01 15:15:47,112 - ts_mome_backtest.py[line:146] - INFO: 2023-02-13 00:00:00交易结束, 当天总收益率为0.0020002369161383673
2023-03-01 15:15:47,112 - ts_mome_backtest.py[line:71] - INFO: ----------------------------------------------
2023-03-01 15:15:47,113 - ts_mome_backtest.py[line:72] - INFO: 2023-02-10 00:00:00交易开始
2023-03-01 15:15:47,114 - ts_mome_backtest.py[line:115] - INFO: 标的因子值相差大于阈值, 进行新交易
2023-03-01 15:15:47,115 - ts_mome_backtest.py[line:142] - INFO: 空IF多IM; IF开仓4136.2, IF平仓4114.0, 收益率0.005367245297616126, 仓位0.6333318775720553; IM开仓7003.4, IM平仓6969.2, 收益率-0.0048833423765599305, 仓位0.3666681224279447.
2023-03-01 15:15:47,115 - ts_mome_backtest.py[line:146] - INFO: 2023-02-10 00:00:00交易结束, 当天总收益率为0.001608681561342959
2023-03-01 15:15:47,116 - ts_mome_backtest.py[line:71] - INFO: ----------------------------------------------
2023-03-01 15:15:47,116 - ts_mome_backtest.py[line:72] - INFO: 2023-02-09 00:00:00交易开始
2023-03-01 15:15:47,118 - ts_mome_backtest.py[line:115] - INFO: 标的因子值相差大于阈值, 进行新交易
2023-03-01 15:15:47,120 - ts_mome_backtest.py[line:136] - INFO: 多IF空IM; IF开仓4079.8, IF平仓4142.6, 收益率0.015392911417226379, 仓位0.5171157757572991; IM开仓6848.8, IM平仓7018.6, 收益率-0.024792664408363536, 仓位0.48288422424270105.
2023-03-01 15:15:47,120 - ts_mome_backtest.py[line:146] - INFO: 2023-02-09 00:00:00交易结束, 当天总收益率为-0.004012069191059847
2023-03-01 15:15:47,121 - ts_mome_backtest.py[line:71] - INFO: ----------------------------------------------
2023-03-01 15:15:47,121 - ts_mome_backtest.py[line:72] - INFO: 2023-02-08 00:00:00交易开始
2023-03-01 15:15:47,123 - ts_mome_backtest.py[line:115] - INFO: 标的因子值相差大于阈值, 进行新交易
2023-03-01 15:15:47,123 - ts_mome_backtest.py[line:136] - INFO: 多IF空IM; IF开仓4105.0, IF平仓4086.0, 收益率-0.004628501827040195, 仓位0.25894974007950494; IM开仓6907.2, IM平仓6850.0, 收益率0.008281213805883689, 仓位0.7410502599204951.
2023-03-01 15:15:47,124 - ts_mome_backtest.py[line:146] - INFO: 2023-02-08 00:00:00交易结束, 当天总收益率为0.004938246298237728
2023-03-01 15:15:47,124 - ts_mome_backtest.py[line:71] - INFO: ----------------------------------------------
2023-03-01 15:15:47,124 - ts_mome_backtest.py[line:72] - INFO: 2023-02-07 00:00:00交易开始
2023-03-01 15:15:47,126 - ts_mome_backtest.py[line:115] - INFO: 标的因子值相差大于阈值, 进行新交易
2023-03-01 15:15:47,127 - ts_mome_backtest.py[line:136] - INFO: 多IF空IM; IF开仓4108.0, IF平仓4099.0, 收益率-0.0021908471275559884, 仓位0.5542540218110535; IM开仓6900.2, IM平仓6899.2, 收益率0.00014492333555549114, 仓位0.44574597818894657.
2023-03-01 15:15:47,128 - ts_mome_backtest.py[line:146] - INFO: 2023-02-07 00:00:00交易结束, 当天总收益率为-0.0011496868376515135
2023-03-01 15:15:47,128 - ts_mome_backtest.py[line:71] - INFO: ----------------------------------------------
2023-03-01 15:15:47,129 - ts_mome_backtest.py[line:72] - INFO: 2023-02-06 00:00:00交易开始
2023-03-01 15:15:47,130 - ts_mome_backtest.py[line:115] - INFO: 标的因子值相差大于阈值, 进行新交易
2023-03-01 15:15:47,131 - ts_mome_backtest.py[line:142] - INFO: 空IF多IM; IF开仓4105.4, IF平仓4088.0, 收益率0.004238320261119413, 仓位0.5285339965079131; IM开仓6873.8, IM平仓6889.2, 收益率0.002240391050074142, 仓位0.4714660034920869.
2023-03-01 15:15:47,132 - ts_mome_backtest.py[line:146] - INFO: 2023-02-06 00:00:00交易结束, 当天总收益率为0.0032963645607278005
2023-03-01 15:15:47,132 - ts_mome_backtest.py[line:71] - INFO: ----------------------------------------------
2023-03-01 15:15:47,132 - ts_mome_backtest.py[line:72] - INFO: 2023-02-03 00:00:00交易开始
2023-03-01 15:15:47,134 - ts_mome_backtest.py[line:115] - INFO: 标的因子值相差大于阈值, 进行新交易
2023-03-01 15:15:47,135 - ts_mome_backtest.py[line:142] - INFO: 空IF多IM; IF开仓4161.4, IF平仓4146.8, 收益率0.003508434661411894, 仓位0.8073609609111938; IM开仓6922.2, IM平仓6911.6, 收益率-0.0015313050764207124, 仓位0.19263903908880625.
2023-03-01 15:15:47,136 - ts_mome_backtest.py[line:146] - INFO: 2023-02-03 00:00:00交易结束, 当天总收益率为0.002537584041058149
2023-03-01 15:15:47,136 - ts_mome_backtest.py[line:71] - INFO: ----------------------------------------------
2023-03-01 15:15:47,136 - ts_mome_backtest.py[line:72] - INFO: 2023-02-02 00:00:00交易开始
2023-03-01 15:15:47,138 - ts_mome_backtest.py[line:115] - INFO: 标的因子值相差大于阈值, 进行新交易
2023-03-01 15:15:47,139 - ts_mome_backtest.py[line:136] - INFO: 多IF空IM; IF开仓4217.6, IF平仓4191.8, 收益率-0.006117223065250422, 仓位0.9518895471082689; IM开仓6940.0, IM平仓6930.0, 收益率0.001440922190201729, 仓位0.04811045289173104.
2023-03-01 15:15:47,139 - ts_mome_backtest.py[line:146] - INFO: 2023-02-02 00:00:00交易结束, 当天总收益率为-0.00575359727398913
2023-03-01 15:15:47,139 - ts_mome_backtest.py[line:71] - INFO: ----------------------------------------------
2023-03-01 15:15:47,140 - ts_mome_backtest.py[line:72] - INFO: 2023-02-01 00:00:00交易开始
2023-03-01 15:15:47,141 - ts_mome_backtest.py[line:115] - INFO: 标的因子值相差大于阈值, 进行新交易
2023-03-01 15:15:47,142 - ts_mome_backtest.py[line:136] - INFO: 多IF空IM; IF开仓4198.0, IF平仓4209.0, 收益率0.0026202953787517864, 仓位0.41243177825836996; IM开仓6838.8, IM平仓6924.0, 收益率-0.012458326022109115, 仓位0.58756822174163.
2023-03-01 15:15:47,143 - ts_mome_backtest.py[line:146] - INFO: 2023-02-01 00:00:00交易结束, 当天总收益率为-0.00623942338406734
2023-03-01 15:15:47,143 - ts_mome_backtest.py[line:71] - INFO: ----------------------------------------------
2023-03-01 15:15:47,143 - ts_mome_backtest.py[line:72] - INFO: 2023-01-31 00:00:00交易开始
2023-03-01 15:15:47,144 - ts_mome_backtest.py[line:115] - INFO: 标的因子值相差大于阈值, 进行新交易
2023-03-01 15:15:47,145 - ts_mome_backtest.py[line:136] - INFO: 多IF空IM; IF开仓4221.2, IF平仓4180.8, 收益率-0.009570738178716866, 仓位0.07616154990036403; IM开仓6792.2, IM平仓6828.8, 收益率-0.005388533906539908, 仓位0.9238384500996359.
2023-03-01 15:15:47,146 - ts_mome_backtest.py[line:146] - INFO: 2023-01-31 00:00:00交易结束, 当天总收益率为-0.005707057065908829
2023-03-01 15:15:47,146 - ts_mome_backtest.py[line:71] - INFO: ----------------------------------------------
2023-03-01 15:15:47,146 - ts_mome_backtest.py[line:72] - INFO: 2023-01-30 00:00:00交易开始
2023-03-01 15:15:47,148 - ts_mome_backtest.py[line:115] - INFO: 标的因子值相差大于阈值, 进行新交易
2023-03-01 15:15:47,148 - ts_mome_backtest.py[line:136] - INFO: 多IF空IM; IF开仓4280.0, IF平仓4208.0, 收益率-0.016822429906542057, 仓位0.2392668485470739; IM开仓6881.2, IM平仓6792.8, 收益率0.012846596523862065, 仓位0.7607331514529261.
2023-03-01 15:15:47,149 - ts_mome_backtest.py[line:146] - INFO: 2023-01-30 00:00:00交易结束, 当天总收益率为0.005747782070399429
2023-03-01 15:15:47,149 - ts_mome_backtest.py[line:71] - INFO: ----------------------------------------------
2023-03-01 15:15:47,150 - ts_mome_backtest.py[line:72] - INFO: 2023-01-20 00:00:00交易开始
2023-03-01 15:15:47,152 - ts_mome_backtest.py[line:115] - INFO: 标的因子值相差大于阈值, 进行新交易
2023-03-01 15:15:47,153 - ts_mome_backtest.py[line:136] - INFO: 多IF空IM; IF开仓4191.8, IF平仓4192.4, 收益率0.00014313660002849714, 仓位0.31877488977412005; IM开仓6736.2, IM平仓6777.6, 收益率-0.006145898280929983, 仓位0.6812251102258801.
2023-03-01 15:15:47,153 - ts_mome_backtest.py[line:146] - INFO: 2023-01-20 00:00:00交易结束, 当天总收益率为-0.004141111879966847
2023-03-01 15:15:47,154 - ts_mome_backtest.py[line:71] - INFO: ----------------------------------------------
2023-03-01 15:15:47,154 - ts_mome_backtest.py[line:72] - INFO: 2023-01-19 00:00:00交易开始
2023-03-01 15:15:47,155 - ts_mome_backtest.py[line:115] - INFO: 标的因子值相差大于阈值, 进行新交易
2023-03-01 15:15:47,156 - ts_mome_backtest.py[line:136] - INFO: 多IF空IM; IF开仓4121.4, IF平仓4158.0, 收益率0.008880477507643123, 仓位0.09795097039562525; IM开仓6607.8, IM平仓6687.4, 收益率-0.012046369442174317, 仓位0.9020490296043747.
2023-03-01 15:15:47,157 - ts_mome_backtest.py[line:146] - INFO: 2023-01-19 00:00:00交易结束, 当天总收益率为-0.009996564476118968
2023-03-01 15:15:47,157 - ts_mome_backtest.py[line:71] - INFO: ----------------------------------------------
2023-03-01 15:15:47,157 - ts_mome_backtest.py[line:72] - INFO: 2023-01-18 00:00:00交易开始
2023-03-01 15:15:47,159 - ts_mome_backtest.py[line:115] - INFO: 标的因子值相差大于阈值, 进行新交易
2023-03-01 15:15:47,160 - ts_mome_backtest.py[line:136] - INFO: 多IF空IM; IF开仓4153.0, IF平仓4133.4, 收益率-0.00471947989405258, 仓位0.20596823765012648; IM开仓6620.8, IM平仓6621.2, 收益率-6.04156597389494e-05, 仓位0.7940317623498736.
2023-03-01 15:15:47,160 - ts_mome_backtest.py[line:146] - INFO: 2023-01-18 00:00:00交易结束, 当天总收益率为-0.0010200349091792637
2023-03-01 15:15:47,161 - ts_mome_backtest.py[line:71] - INFO: ----------------------------------------------
2023-03-01 15:15:47,161 - ts_mome_backtest.py[line:72] - INFO: 2023-01-17 00:00:00交易开始
2023-03-01 15:15:47,163 - ts_mome_backtest.py[line:115] - INFO: 标的因子值相差大于阈值, 进行新交易
2023-03-01 15:15:47,163 - ts_mome_backtest.py[line:136] - INFO: 多IF空IM; IF开仓4151.0, IF平仓4147.0, 收益率-0.000963623223319682, 仓位0.11010904467350426; IM开仓6606.0, IM平仓6608.2, 收益率-0.0003330305782621584, 仓位0.8898909553264958.
2023-03-01 15:15:47,164 - ts_mome_backtest.py[line:146] - INFO: 2023-01-17 00:00:00交易结束, 当天总收益率为-0.00040246453198758045
2023-03-01 15:15:47,164 - ts_mome_backtest.py[line:71] - INFO: ----------------------------------------------
2023-03-01 15:15:47,164 - ts_mome_backtest.py[line:72] - INFO: 2023-01-16 00:00:00交易开始
2023-03-01 15:15:47,166 - ts_mome_backtest.py[line:115] - INFO: 标的因子值相差大于阈值, 进行新交易
2023-03-01 15:15:47,167 - ts_mome_backtest.py[line:136] - INFO: 多IF空IM; IF开仓4090.6, IF平仓4149.6, 收益率0.014423311983572204, 仓位0.1442833226081504; IM开仓6540.0, IM平仓6597.4, 收益率-0.008776758409785878, 仓位0.8557166773918496.
2023-03-01 15:15:47,167 - ts_mome_backtest.py[line:146] - INFO: 2023-01-16 00:00:00交易结束, 当天总收益率为-0.005429375168689196
2023-03-01 15:15:47,168 - ts_mome_backtest.py[line:71] - INFO: ----------------------------------------------
2023-03-01 15:15:47,168 - ts_mome_backtest.py[line:72] - INFO: 2023-01-13 00:00:00交易开始
2023-03-01 15:15:47,171 - ts_mome_backtest.py[line:115] - INFO: 标的因子值相差大于阈值, 进行新交易
2023-03-01 15:15:47,172 - ts_mome_backtest.py[line:136] - INFO: 多IF空IM; IF开仓4037.0, IF平仓4090.8, 收益率0.013326727768144708, 仓位0.1036060422787947; IM开仓6509.8, IM平仓6542.4, 收益率-0.005007834342068797, 仓位0.8963939577212053.
2023-03-01 15:15:47,172 - ts_mome_backtest.py[line:146] - INFO: 2023-01-13 00:00:00交易结束, 当天总收益率为-0.0031082629249148293
2023-03-01 15:15:47,173 - ts_mome_backtest.py[line:71] - INFO: ----------------------------------------------
2023-03-01 15:15:47,173 - ts_mome_backtest.py[line:72] - INFO: 2023-01-12 00:00:00交易开始
2023-03-01 15:15:47,175 - ts_mome_backtest.py[line:115] - INFO: 标的因子值相差大于阈值, 进行新交易
2023-03-01 15:15:47,176 - ts_mome_backtest.py[line:136] - INFO: 多IF空IM; IF开仓4029.6, IF平仓4024.6, 收益率-0.0012408179471907882, 仓位0.18050175700429152; IM开仓6500.0, IM平仓6492.0, 收益率0.0012307692307692308, 仓位0.8194982429957085.
2023-03-01 15:15:47,177 - ts_mome_backtest.py[line:146] - INFO: 2023-01-12 00:00:00交易结束, 当天总收益率为0.0007846434025581688
2023-03-01 15:15:47,177 - ts_mome_backtest.py[line:71] - INFO: ----------------------------------------------
2023-03-01 15:15:47,177 - ts_mome_backtest.py[line:72] - INFO: 2023-01-11 00:00:00交易开始
2023-03-01 15:15:47,178 - ts_mome_backtest.py[line:115] - INFO: 标的因子值相差大于阈值, 进行新交易
2023-03-01 15:15:47,179 - ts_mome_backtest.py[line:136] - INFO: 多IF空IM; IF开仓4022.0, IF平仓4017.2, 收益率-0.0011934361014421138, 仓位0.23772881558161604; IM开仓6539.0, IM平仓6494.4, 收益率0.006820614772901111, 仓位0.7622711844183839.
2023-03-01 15:15:47,180 - ts_mome_backtest.py[line:146] - INFO: 2023-01-11 00:00:00交易结束, 当天总收益率为0.004915443950532682
2023-03-01 15:15:47,180 - ts_mome_backtest.py[line:71] - INFO: ----------------------------------------------
2023-03-01 15:15:47,180 - ts_mome_backtest.py[line:72] - INFO: 2023-01-10 00:00:00交易开始
2023-03-01 15:15:47,182 - ts_mome_backtest.py[line:115] - INFO: 标的因子值相差大于阈值, 进行新交易
2023-03-01 15:15:47,183 - ts_mome_backtest.py[line:136] - INFO: 多IF空IM; IF开仓4014.0, IF平仓4018.0, 收益率0.000996512207274539, 仓位0.31971242442712544; IM开仓6527.0, IM平仓6532.2, 收益率-0.0007966906695265541, 仓位0.6802875755728744.
2023-03-01 15:15:47,184 - ts_mome_backtest.py[line:146] - INFO: 2023-01-10 00:00:00交易结束, 当天总收益率为-0.00022338143029478053
2023-03-01 15:15:47,184 - ts_mome_backtest.py[line:71] - INFO: ----------------------------------------------
2023-03-01 15:15:47,184 - ts_mome_backtest.py[line:72] - INFO: 2023-01-09 00:00:00交易开始
2023-03-01 15:15:47,187 - ts_mome_backtest.py[line:115] - INFO: 标的因子值相差大于阈值, 进行新交易
2023-03-01 15:15:47,188 - ts_mome_backtest.py[line:136] - INFO: 多IF空IM; IF开仓4008.0, IF平仓4011.6, 收益率0.0008982035928143486, 仓位0.5287011006661262; IM开仓6518.2, IM平仓6518.2, 收益率0.0, 仓位0.4712988993338738.
2023-03-01 15:15:47,188 - ts_mome_backtest.py[line:146] - INFO: 2023-01-09 00:00:00交易结束, 当天总收益率为0.0004748812281432151
2023-03-01 15:15:47,188 - ts_mome_backtest.py[line:71] - INFO: ----------------------------------------------
2023-03-01 15:15:47,188 - ts_mome_backtest.py[line:72] - INFO: 2023-01-06 00:00:00交易开始
2023-03-01 15:15:47,190 - ts_mome_backtest.py[line:115] - INFO: 标的因子值相差大于阈值, 进行新交易
2023-03-01 15:15:47,191 - ts_mome_backtest.py[line:142] - INFO: 空IF多IM; IF开仓3975.2, IF平仓3990.8, 收益率-0.003924330851278014, 仓位0.5423712421050385; IM开仓6487.2, IM平仓6505.2, 收益率0.002774694783573807, 仓位0.4576287578949615.
2023-03-01 15:15:47,191 - ts_mome_backtest.py[line:146] - INFO: 2023-01-06 00:00:00交易结束, 当天总收益率为-0.0008586640708942695
2023-03-01 15:15:47,192 - ts_mome_backtest.py[line:71] - INFO: ----------------------------------------------
2023-03-01 15:15:47,192 - ts_mome_backtest.py[line:72] - INFO: 2023-01-05 00:00:00交易开始
2023-03-01 15:15:47,193 - ts_mome_backtest.py[line:115] - INFO: 标的因子值相差大于阈值, 进行新交易
2023-03-01 15:15:47,194 - ts_mome_backtest.py[line:142] - INFO: 空IF多IM; IF开仓3923.8, IF平仓3974.4, 收益率-0.01289566236811252, 仓位0.5487215663665201; IM开仓6433.8, IM平仓6490.4, 收益率0.008797289315800842, 仓位0.4512784336334799.
2023-03-01 15:15:47,195 - ts_mome_backtest.py[line:146] - INFO: 2023-01-05 00:00:00交易结束, 当天总收益率为-0.0031061011113093376
2023-03-01 15:15:47,195 - ts_mome_backtest.py[line:71] - INFO: ----------------------------------------------
2023-03-01 15:15:47,195 - ts_mome_backtest.py[line:72] - INFO: 2023-01-04 00:00:00交易开始
2023-03-01 15:15:47,197 - ts_mome_backtest.py[line:115] - INFO: 标的因子值相差大于阈值, 进行新交易
2023-03-01 15:15:47,198 - ts_mome_backtest.py[line:142] - INFO: 空IF多IM; IF开仓3897.4, IF平仓3898.0, 收益率-0.00015394878637037745, 仓位0.5019373592991143; IM开仓6420.0, IM平仓6414.4, 收益率-0.0008722741433022374, 仓位0.4980626407008858.
2023-03-01 15:15:47,198 - ts_mome_backtest.py[line:146] - INFO: 2023-01-04 00:00:00交易结束, 当天总收益率为-0.000511719810526266
2023-03-01 15:15:47,199 - ts_mome_backtest.py[line:71] - INFO: ----------------------------------------------
2023-03-01 15:15:47,199 - ts_mome_backtest.py[line:72] - INFO: 2023-01-03 00:00:00交易开始
2023-03-01 15:15:47,201 - ts_mome_backtest.py[line:115] - INFO: 标的因子值相差大于阈值, 进行新交易
2023-03-01 15:15:47,202 - ts_mome_backtest.py[line:142] - INFO: 空IF多IM; IF开仓3861.0, IF平仓3894.2, 收益率-0.008598808598808553, 仓位0.565400102012265; IM开仓6280.0, IM平仓6420.0, 收益率0.022292993630573247, 仓位0.43459989798773513.
2023-03-01 15:15:47,205 - ts_mome_backtest.py[line:146] - INFO: 2023-01-03 00:00:00交易结束, 当天总收益率为0.004826765498738064
