2023-03-01 15:20:27,443 - ts_mome_backtest_new.py[line:83] - INFO: ----------------------------------------------
2023-03-01 15:20:27,444 - ts_mome_backtest_new.py[line:84] - INFO: 2023-02-27 00:00:00交易开始
2023-03-01 15:20:27,447 - ts_mome_backtest_new.py[line:95] - INFO: 有标的因子值为nan, 不进行交易
2023-03-01 15:20:27,447 - ts_mome_backtest_new.py[line:97] - INFO: 2023-02-27 00:00:00交易结束, 当天总收益率为0.0
2023-03-01 15:20:27,447 - ts_mome_backtest_new.py[line:83] - INFO: ----------------------------------------------
2023-03-01 15:20:27,448 - ts_mome_backtest_new.py[line:84] - INFO: 2023-02-24 00:00:00交易开始
2023-03-01 15:20:27,449 - ts_mome_backtest_new.py[line:95] - INFO: 有标的因子值为nan, 不进行交易
2023-03-01 15:20:27,449 - ts_mome_backtest_new.py[line:97] - INFO: 2023-02-24 00:00:00交易结束, 当天总收益率为0.0
2023-03-01 15:20:27,450 - ts_mome_backtest_new.py[line:83] - INFO: ----------------------------------------------
2023-03-01 15:20:27,450 - ts_mome_backtest_new.py[line:84] - INFO: 2023-02-23 00:00:00交易开始
2023-03-01 15:20:27,451 - ts_mome_backtest_new.py[line:95] - INFO: 有标的因子值为nan, 不进行交易
2023-03-01 15:20:27,452 - ts_mome_backtest_new.py[line:97] - INFO: 2023-02-23 00:00:00交易结束, 当天总收益率为0.0
2023-03-01 15:20:27,452 - ts_mome_backtest_new.py[line:83] - INFO: ----------------------------------------------
2023-03-01 15:20:27,452 - ts_mome_backtest_new.py[line:84] - INFO: 2023-02-22 00:00:00交易开始
2023-03-01 15:20:27,453 - ts_mome_backtest_new.py[line:95] - INFO: 有标的因子值为nan, 不进行交易
2023-03-01 15:20:27,454 - ts_mome_backtest_new.py[line:97] - INFO: 2023-02-22 00:00:00交易结束, 当天总收益率为0.0
2023-03-01 15:20:27,454 - ts_mome_backtest_new.py[line:83] - INFO: ----------------------------------------------
2023-03-01 15:20:27,454 - ts_mome_backtest_new.py[line:84] - INFO: 2023-02-21 00:00:00交易开始
2023-03-01 15:20:27,456 - ts_mome_backtest_new.py[line:95] - INFO: 有标的因子值为nan, 不进行交易
2023-03-01 15:20:27,456 - ts_mome_backtest_new.py[line:97] - INFO: 2023-02-21 00:00:00交易结束, 当天总收益率为0.0
2023-03-01 15:20:27,457 - ts_mome_backtest_new.py[line:83] - INFO: ----------------------------------------------
2023-03-01 15:20:27,457 - ts_mome_backtest_new.py[line:84] - INFO: 2023-02-20 00:00:00交易开始
2023-03-01 15:20:27,459 - ts_mome_backtest_new.py[line:95] - INFO: 有标的因子值为nan, 不进行交易
2023-03-01 15:20:27,459 - ts_mome_backtest_new.py[line:97] - INFO: 2023-02-20 00:00:00交易结束, 当天总收益率为0.0
2023-03-01 15:20:27,459 - ts_mome_backtest_new.py[line:83] - INFO: ----------------------------------------------
2023-03-01 15:20:27,460 - ts_mome_backtest_new.py[line:84] - INFO: 2023-02-17 00:00:00交易开始
2023-03-01 15:20:27,461 - ts_mome_backtest_new.py[line:95] - INFO: 有标的因子值为nan, 不进行交易
2023-03-01 15:20:27,461 - ts_mome_backtest_new.py[line:97] - INFO: 2023-02-17 00:00:00交易结束, 当天总收益率为0.0
2023-03-01 15:20:27,462 - ts_mome_backtest_new.py[line:83] - INFO: ----------------------------------------------
2023-03-01 15:20:27,462 - ts_mome_backtest_new.py[line:84] - INFO: 2023-02-16 00:00:00交易开始
2023-03-01 15:20:27,463 - ts_mome_backtest_new.py[line:95] - INFO: 有标的因子值为nan, 不进行交易
2023-03-01 15:20:27,463 - ts_mome_backtest_new.py[line:97] - INFO: 2023-02-16 00:00:00交易结束, 当天总收益率为0.0
2023-03-01 15:20:27,463 - ts_mome_backtest_new.py[line:83] - INFO: ----------------------------------------------
2023-03-01 15:20:27,463 - ts_mome_backtest_new.py[line:84] - INFO: 2023-02-15 00:00:00交易开始
2023-03-01 15:20:27,464 - ts_mome_backtest_new.py[line:95] - INFO: 有标的因子值为nan, 不进行交易
2023-03-01 15:20:27,465 - ts_mome_backtest_new.py[line:97] - INFO: 2023-02-15 00:00:00交易结束, 当天总收益率为0.0
2023-03-01 15:20:27,465 - ts_mome_backtest_new.py[line:83] - INFO: ----------------------------------------------
2023-03-01 15:20:27,465 - ts_mome_backtest_new.py[line:84] - INFO: 2023-02-14 00:00:00交易开始
2023-03-01 15:20:27,466 - ts_mome_backtest_new.py[line:95] - INFO: 有标的因子值为nan, 不进行交易
2023-03-01 15:20:27,467 - ts_mome_backtest_new.py[line:97] - INFO: 2023-02-14 00:00:00交易结束, 当天总收益率为0.0
2023-03-01 15:20:27,467 - ts_mome_backtest_new.py[line:83] - INFO: ----------------------------------------------
2023-03-01 15:20:27,467 - ts_mome_backtest_new.py[line:84] - INFO: 2023-02-13 00:00:00交易开始
2023-03-01 15:20:27,469 - ts_mome_backtest_new.py[line:134] - INFO: 标的因子值相差大于阈值, 进行新交易
2023-03-01 15:20:27,470 - ts_mome_backtest_new.py[line:167] - INFO: 空IF多IM; IF开仓4096.0, 仓位0.4220609083311375; IM开仓6939.0, 仓位0.5779390916688625.
2023-03-01 15:20:27,470 - ts_mome_backtest_new.py[line:173] - INFO: 2023-02-13 00:00:00交易结束, 当天总收益率为0.0
2023-03-01 15:20:27,471 - ts_mome_backtest_new.py[line:83] - INFO: ----------------------------------------------
2023-03-01 15:20:27,471 - ts_mome_backtest_new.py[line:84] - INFO: 2023-02-10 00:00:00交易开始
2023-03-01 15:20:27,472 - ts_mome_backtest_new.py[line:70] - INFO: 平仓IF9999, 平仓价格4096.0, 收益率-0.004142297000710852, 仓位0.4220609083311375
2023-03-01 15:20:27,472 - ts_mome_backtest_new.py[line:70] - INFO: 平仓IM9999, 平仓价格6939.0, 收益率0.00536378116493364, 仓位0.5779390916688625
2023-03-01 15:20:27,473 - ts_mome_backtest_new.py[line:134] - INFO: 标的因子值相差大于阈值, 进行新交易
2023-03-01 15:20:27,473 - ts_mome_backtest_new.py[line:70] - INFO: 平仓IF9999, 平仓价格4096.0, 收益率-0.004142297000710852, 仓位0.4220609083311375
2023-03-01 15:20:27,474 - ts_mome_backtest_new.py[line:70] - INFO: 平仓IM9999, 平仓价格6939.0, 收益率0.00536378116493364, 仓位0.5779390916688625
2023-03-01 15:20:27,475 - ts_mome_backtest_new.py[line:167] - INFO: 空IF多IM; IF开仓4136.2, 仓位0.6333318775720553; IM开仓7003.4, 仓位0.3666681224279447.
2023-03-01 15:20:27,475 - ts_mome_backtest_new.py[line:173] - INFO: 2023-02-10 00:00:00交易结束, 当天总收益率为0.00536378116493364
2023-03-01 15:20:27,475 - ts_mome_backtest_new.py[line:83] - INFO: ----------------------------------------------
2023-03-01 15:20:27,475 - ts_mome_backtest_new.py[line:84] - INFO: 2023-02-09 00:00:00交易开始
2023-03-01 15:20:27,476 - ts_mome_backtest_new.py[line:70] - INFO: 平仓IF9999, 平仓价格4136.2, 收益率0.008635926187095327, 仓位0.6333318775720553
2023-03-01 15:20:27,477 - ts_mome_backtest_new.py[line:70] - INFO: 平仓IM9999, 平仓价格7003.4, 收益率-0.008094195923031679, 仓位0.3666681224279447
2023-03-01 15:20:27,477 - ts_mome_backtest_new.py[line:134] - INFO: 标的因子值相差大于阈值, 进行新交易
2023-03-01 15:20:27,478 - ts_mome_backtest_new.py[line:70] - INFO: 平仓IF9999, 平仓价格4136.2, 收益率0.008635926187095327, 仓位0.6333318775720553
2023-03-01 15:20:27,478 - ts_mome_backtest_new.py[line:70] - INFO: 平仓IM9999, 平仓价格7003.4, 收益率-0.008094195923031679, 仓位0.3666681224279447
2023-03-01 15:20:27,479 - ts_mome_backtest_new.py[line:159] - INFO: 多IF空IM; IF开仓4079.8, 仓位0.5171157757572991; IM开仓6848.8, 仓位0.48288422424270105.
2023-03-01 15:20:27,479 - ts_mome_backtest_new.py[line:173] - INFO: 2023-02-09 00:00:00交易结束, 当天总收益率为-0.008094195923031679
2023-03-01 15:20:27,479 - ts_mome_backtest_new.py[line:83] - INFO: ----------------------------------------------
2023-03-01 15:20:27,479 - ts_mome_backtest_new.py[line:84] - INFO: 2023-02-08 00:00:00交易开始
2023-03-01 15:20:27,480 - ts_mome_backtest_new.py[line:70] - INFO: 平仓IF9999, 平仓价格4079.8, 收益率0.003194106953547684, 仓位0.5171157757572991
2023-03-01 15:20:27,481 - ts_mome_backtest_new.py[line:70] - INFO: 平仓IM9999, 平仓价格6848.8, 收益率-0.004117573691124513, 仓位0.48288422424270105
2023-03-01 15:20:27,481 - ts_mome_backtest_new.py[line:134] - INFO: 标的因子值相差大于阈值, 进行新交易
2023-03-01 15:20:27,482 - ts_mome_backtest_new.py[line:70] - INFO: 平仓IF9999, 平仓价格4079.8, 收益率0.003194106953547684, 仓位0.5171157757572991
2023-03-01 15:20:27,482 - ts_mome_backtest_new.py[line:70] - INFO: 平仓IM9999, 平仓价格6848.8, 收益率-0.004117573691124513, 仓位0.48288422424270105
2023-03-01 15:20:27,482 - ts_mome_backtest_new.py[line:159] - INFO: 多IF空IM; IF开仓4105.0, 仓位0.25894974007950494; IM开仓6907.2, 仓位0.7410502599204951.
2023-03-01 15:20:27,483 - ts_mome_backtest_new.py[line:173] - INFO: 2023-02-08 00:00:00交易结束, 当天总收益率为-0.004117573691124513
2023-03-01 15:20:27,483 - ts_mome_backtest_new.py[line:83] - INFO: ----------------------------------------------
2023-03-01 15:20:27,483 - ts_mome_backtest_new.py[line:84] - INFO: 2023-02-07 00:00:00交易开始
2023-03-01 15:20:27,484 - ts_mome_backtest_new.py[line:70] - INFO: 平仓IF9999, 平仓价格4105.0, 收益率0.00018924463343203773, 仓位0.25894974007950494
2023-03-01 15:20:27,484 - ts_mome_backtest_new.py[line:70] - INFO: 平仓IM9999, 平仓价格6907.2, 收益率0.0007510064598453014, 仓位0.7410502599204951
2023-03-01 15:20:27,485 - ts_mome_backtest_new.py[line:134] - INFO: 标的因子值相差大于阈值, 进行新交易
2023-03-01 15:20:27,485 - ts_mome_backtest_new.py[line:70] - INFO: 平仓IF9999, 平仓价格4105.0, 收益率0.00018924463343203773, 仓位0.25894974007950494
2023-03-01 15:20:27,485 - ts_mome_backtest_new.py[line:70] - INFO: 平仓IM9999, 平仓价格6907.2, 收益率0.0007510064598453014, 仓位0.7410502599204951
2023-03-01 15:20:27,486 - ts_mome_backtest_new.py[line:159] - INFO: 多IF空IM; IF开仓4108.0, 仓位0.5542540218110535; IM开仓6900.2, 仓位0.44574597818894657.
2023-03-01 15:20:27,486 - ts_mome_backtest_new.py[line:173] - INFO: 2023-02-07 00:00:00交易结束, 当天总收益率为0.0007510064598453014
2023-03-01 15:20:27,487 - ts_mome_backtest_new.py[line:83] - INFO: ----------------------------------------------
2023-03-01 15:20:27,487 - ts_mome_backtest_new.py[line:84] - INFO: 2023-02-06 00:00:00交易开始
2023-03-01 15:20:27,488 - ts_mome_backtest_new.py[line:70] - INFO: 平仓IF9999, 平仓价格4108.0, 收益率-0.00035079368469058934, 仓位0.5542540218110535
2023-03-01 15:20:27,488 - ts_mome_backtest_new.py[line:70] - INFO: 平仓IM9999, 平仓价格6900.2, 收益率0.0017054134407970825, 仓位0.44574597818894657
2023-03-01 15:20:27,489 - ts_mome_backtest_new.py[line:134] - INFO: 标的因子值相差大于阈值, 进行新交易
2023-03-01 15:20:27,489 - ts_mome_backtest_new.py[line:70] - INFO: 平仓IF9999, 平仓价格4108.0, 收益率-0.00035079368469058934, 仓位0.5542540218110535
2023-03-01 15:20:27,490 - ts_mome_backtest_new.py[line:70] - INFO: 平仓IM9999, 平仓价格6900.2, 收益率0.0017054134407970825, 仓位0.44574597818894657
2023-03-01 15:20:27,490 - ts_mome_backtest_new.py[line:167] - INFO: 空IF多IM; IF开仓4105.4, 仓位0.5285339965079131; IM开仓6873.8, 仓位0.4714660034920869.
2023-03-01 15:20:27,491 - ts_mome_backtest_new.py[line:173] - INFO: 2023-02-06 00:00:00交易结束, 当天总收益率为0.0017054134407970825
2023-03-01 15:20:27,491 - ts_mome_backtest_new.py[line:83] - INFO: ----------------------------------------------
2023-03-01 15:20:27,491 - ts_mome_backtest_new.py[line:84] - INFO: 2023-02-03 00:00:00交易开始
2023-03-01 15:20:27,492 - ts_mome_backtest_new.py[line:70] - INFO: 平仓IF9999, 平仓价格4105.4, 收益率-0.0072095054816688105, 仓位0.5285339965079131
2023-03-01 15:20:27,493 - ts_mome_backtest_new.py[line:70] - INFO: 平仓IM9999, 平仓价格6873.8, 收益率0.0033197001031477253, 仓位0.4714660034920869
2023-03-01 15:20:27,493 - ts_mome_backtest_new.py[line:134] - INFO: 标的因子值相差大于阈值, 进行新交易
2023-03-01 15:20:27,494 - ts_mome_backtest_new.py[line:70] - INFO: 平仓IF9999, 平仓价格4105.4, 收益率-0.0072095054816688105, 仓位0.5285339965079131
2023-03-01 15:20:27,495 - ts_mome_backtest_new.py[line:70] - INFO: 平仓IM9999, 平仓价格6873.8, 收益率0.0033197001031477253, 仓位0.4714660034920869
2023-03-01 15:20:27,495 - ts_mome_backtest_new.py[line:167] - INFO: 空IF多IM; IF开仓4161.4, 仓位0.8073609609111938; IM开仓6922.2, 仓位0.19263903908880625.
2023-03-01 15:20:27,496 - ts_mome_backtest_new.py[line:173] - INFO: 2023-02-03 00:00:00交易结束, 当天总收益率为0.0033197001031477253
2023-03-01 15:20:27,496 - ts_mome_backtest_new.py[line:83] - INFO: ----------------------------------------------
2023-03-01 15:20:27,497 - ts_mome_backtest_new.py[line:84] - INFO: 2023-02-02 00:00:00交易开始
2023-03-01 15:20:27,498 - ts_mome_backtest_new.py[line:70] - INFO: 平仓IF9999, 平仓价格4161.4, 收益率-0.010903466622581267, 仓位0.8073609609111938
2023-03-01 15:20:27,499 - ts_mome_backtest_new.py[line:70] - INFO: 平仓IM9999, 平仓价格6922.2, 收益率0.0004953591193234501, 仓位0.19263903908880625
2023-03-01 15:20:27,499 - ts_mome_backtest_new.py[line:134] - INFO: 标的因子值相差大于阈值, 进行新交易
2023-03-01 15:20:27,500 - ts_mome_backtest_new.py[line:70] - INFO: 平仓IF9999, 平仓价格4161.4, 收益率-0.010903466622581267, 仓位0.8073609609111938
2023-03-01 15:20:27,500 - ts_mome_backtest_new.py[line:70] - INFO: 平仓IM9999, 平仓价格6922.2, 收益率0.0004953591193234501, 仓位0.19263903908880625
2023-03-01 15:20:27,501 - ts_mome_backtest_new.py[line:159] - INFO: 多IF空IM; IF开仓4217.6, 仓位0.9518895471082689; IM开仓6940.0, 仓位0.04811045289173104.
2023-03-01 15:20:27,501 - ts_mome_backtest_new.py[line:173] - INFO: 2023-02-02 00:00:00交易结束, 当天总收益率为0.0004953591193234501
2023-03-01 15:20:27,501 - ts_mome_backtest_new.py[line:83] - INFO: ----------------------------------------------
2023-03-01 15:20:27,501 - ts_mome_backtest_new.py[line:84] - INFO: 2023-02-01 00:00:00交易开始
2023-03-01 15:20:27,502 - ts_mome_backtest_new.py[line:70] - INFO: 平仓IF9999, 平仓价格4217.6, 收益率-0.004423614169983501, 仓位0.9518895471082689
2023-03-01 15:20:27,502 - ts_mome_backtest_new.py[line:70] - INFO: 平仓IM9999, 平仓价格6940.0, 收益率0.0007015530018217828, 仓位0.04811045289173104
2023-03-01 15:20:27,503 - ts_mome_backtest_new.py[line:134] - INFO: 标的因子值相差大于阈值, 进行新交易
2023-03-01 15:20:27,503 - ts_mome_backtest_new.py[line:70] - INFO: 平仓IF9999, 平仓价格4217.6, 收益率-0.004423614169983501, 仓位0.9518895471082689
2023-03-01 15:20:27,504 - ts_mome_backtest_new.py[line:70] - INFO: 平仓IM9999, 平仓价格6940.0, 收益率0.0007015530018217828, 仓位0.04811045289173104
2023-03-01 15:20:27,505 - ts_mome_backtest_new.py[line:159] - INFO: 多IF空IM; IF开仓4198.0, 仓位0.41243177825836996; IM开仓6838.8, 仓位0.58756822174163.
2023-03-01 15:20:27,505 - ts_mome_backtest_new.py[line:173] - INFO: 2023-02-01 00:00:00交易结束, 当天总收益率为0.0007015530018217828
2023-03-01 15:20:27,506 - ts_mome_backtest_new.py[line:83] - INFO: ----------------------------------------------
2023-03-01 15:20:27,506 - ts_mome_backtest_new.py[line:84] - INFO: 2023-01-31 00:00:00交易开始
2023-03-01 15:20:27,507 - ts_mome_backtest_new.py[line:70] - INFO: 平仓IF9999, 平仓价格4198.0, 收益率0.0022792799560729174, 仓位0.41243177825836996
2023-03-01 15:20:27,507 - ts_mome_backtest_new.py[line:70] - INFO: 平仓IM9999, 平仓价格6838.8, 收益率0.00400372567309472, 仓位0.58756822174163
2023-03-01 15:20:27,508 - ts_mome_backtest_new.py[line:134] - INFO: 标的因子值相差大于阈值, 进行新交易
2023-03-01 15:20:27,509 - ts_mome_backtest_new.py[line:70] - INFO: 平仓IF9999, 平仓价格4198.0, 收益率0.0022792799560729174, 仓位0.41243177825836996
2023-03-01 15:20:27,509 - ts_mome_backtest_new.py[line:70] - INFO: 平仓IM9999, 平仓价格6838.8, 收益率0.00400372567309472, 仓位0.58756822174163
2023-03-01 15:20:27,510 - ts_mome_backtest_new.py[line:159] - INFO: 多IF空IM; IF开仓4221.2, 仓位0.07616154990036403; IM开仓6792.2, 仓位0.9238384500996359.
2023-03-01 15:20:27,511 - ts_mome_backtest_new.py[line:173] - INFO: 2023-01-31 00:00:00交易结束, 当天总收益率为0.00400372567309472
2023-03-01 15:20:27,511 - ts_mome_backtest_new.py[line:83] - INFO: ----------------------------------------------
2023-03-01 15:20:27,511 - ts_mome_backtest_new.py[line:84] - INFO: 2023-01-30 00:00:00交易开始
2023-03-01 15:20:27,512 - ts_mome_backtest_new.py[line:70] - INFO: 平仓IF9999, 平仓价格4221.2, 收益率0.0010609066460109493, 仓位0.07616154990036403
2023-03-01 15:20:27,512 - ts_mome_backtest_new.py[line:70] - INFO: 平仓IM9999, 平仓价格6792.2, 收益率-0.012105300500407468, 仓位0.9238384500996359
2023-03-01 15:20:27,513 - ts_mome_backtest_new.py[line:134] - INFO: 标的因子值相差大于阈值, 进行新交易
2023-03-01 15:20:27,513 - ts_mome_backtest_new.py[line:70] - INFO: 平仓IF9999, 平仓价格4221.2, 收益率0.0010609066460109493, 仓位0.07616154990036403
2023-03-01 15:20:27,513 - ts_mome_backtest_new.py[line:70] - INFO: 平仓IM9999, 平仓价格6792.2, 收益率-0.012105300500407468, 仓位0.9238384500996359
2023-03-01 15:20:27,514 - ts_mome_backtest_new.py[line:159] - INFO: 多IF空IM; IF开仓4280.0, 仓位0.2392668485470739; IM开仓6881.2, 仓位0.7607331514529261.
2023-03-01 15:20:27,515 - ts_mome_backtest_new.py[line:173] - INFO: 2023-01-30 00:00:00交易结束, 当天总收益率为-0.012105300500407468
2023-03-01 15:20:27,515 - ts_mome_backtest_new.py[line:83] - INFO: ----------------------------------------------
2023-03-01 15:20:27,516 - ts_mome_backtest_new.py[line:84] - INFO: 2023-01-20 00:00:00交易开始
2023-03-01 15:20:27,517 - ts_mome_backtest_new.py[line:70] - INFO: 平仓IF9999, 平仓价格4280.0, 收益率-0.004930685991086887, 仓位0.2392668485470739
2023-03-01 15:20:27,517 - ts_mome_backtest_new.py[line:70] - INFO: 平仓IM9999, 平仓价格6881.2, 收益率0.0160300975063469, 仓位0.7607331514529261
2023-03-01 15:20:27,518 - ts_mome_backtest_new.py[line:134] - INFO: 标的因子值相差大于阈值, 进行新交易
2023-03-01 15:20:27,518 - ts_mome_backtest_new.py[line:70] - INFO: 平仓IF9999, 平仓价格4280.0, 收益率-0.004930685991086887, 仓位0.2392668485470739
2023-03-01 15:20:27,519 - ts_mome_backtest_new.py[line:70] - INFO: 平仓IM9999, 平仓价格6881.2, 收益率0.0160300975063469, 仓位0.7607331514529261
2023-03-01 15:20:27,519 - ts_mome_backtest_new.py[line:159] - INFO: 多IF空IM; IF开仓4191.8, 仓位0.31877488977412005; IM开仓6736.2, 仓位0.6812251102258801.
2023-03-01 15:20:27,520 - ts_mome_backtest_new.py[line:173] - INFO: 2023-01-20 00:00:00交易结束, 当天总收益率为0.0160300975063469
2023-03-01 15:20:27,520 - ts_mome_backtest_new.py[line:83] - INFO: ----------------------------------------------
2023-03-01 15:20:27,522 - ts_mome_backtest_new.py[line:84] - INFO: 2023-01-19 00:00:00交易开始
2023-03-01 15:20:27,524 - ts_mome_backtest_new.py[line:70] - INFO: 平仓IF9999, 平仓价格4191.8, 收益率-0.005353726857220817, 仓位0.31877488977412005
2023-03-01 15:20:27,524 - ts_mome_backtest_new.py[line:70] - INFO: 平仓IM9999, 平仓价格6736.2, 收益率0.01298496246444624, 仓位0.6812251102258801
2023-03-01 15:20:27,526 - ts_mome_backtest_new.py[line:134] - INFO: 标的因子值相差大于阈值, 进行新交易
2023-03-01 15:20:27,527 - ts_mome_backtest_new.py[line:70] - INFO: 平仓IF9999, 平仓价格4191.8, 收益率-0.005353726857220817, 仓位0.31877488977412005
2023-03-01 15:20:27,527 - ts_mome_backtest_new.py[line:70] - INFO: 平仓IM9999, 平仓价格6736.2, 收益率0.01298496246444624, 仓位0.6812251102258801
2023-03-01 15:20:27,528 - ts_mome_backtest_new.py[line:159] - INFO: 多IF空IM; IF开仓4121.4, 仓位0.09795097039562525; IM开仓6607.8, 仓位0.9020490296043747.
2023-03-01 15:20:27,528 - ts_mome_backtest_new.py[line:173] - INFO: 2023-01-19 00:00:00交易结束, 当天总收益率为0.01298496246444624
2023-03-01 15:20:27,529 - ts_mome_backtest_new.py[line:83] - INFO: ----------------------------------------------
2023-03-01 15:20:27,529 - ts_mome_backtest_new.py[line:84] - INFO: 2023-01-18 00:00:00交易开始
2023-03-01 15:20:27,530 - ts_mome_backtest_new.py[line:70] - INFO: 平仓IF9999, 平仓价格4121.4, 收益率0.0007510192324214573, 仓位0.09795097039562525
2023-03-01 15:20:27,531 - ts_mome_backtest_new.py[line:70] - INFO: 平仓IM9999, 平仓价格6607.8, 收益率-0.001774665907693464, 仓位0.9020490296043747
2023-03-01 15:20:27,531 - ts_mome_backtest_new.py[line:134] - INFO: 标的因子值相差大于阈值, 进行新交易
2023-03-01 15:20:27,532 - ts_mome_backtest_new.py[line:70] - INFO: 平仓IF9999, 平仓价格4121.4, 收益率0.0007510192324214573, 仓位0.09795097039562525
2023-03-01 15:20:27,532 - ts_mome_backtest_new.py[line:70] - INFO: 平仓IM9999, 平仓价格6607.8, 收益率-0.001774665907693464, 仓位0.9020490296043747
2023-03-01 15:20:27,533 - ts_mome_backtest_new.py[line:159] - INFO: 多IF空IM; IF开仓4153.0, 仓位0.20596823765012648; IM开仓6620.8, 仓位0.7940317623498736.
2023-03-01 15:20:27,534 - ts_mome_backtest_new.py[line:173] - INFO: 2023-01-18 00:00:00交易结束, 当天总收益率为-0.001774665907693464
2023-03-01 15:20:27,535 - ts_mome_backtest_new.py[line:83] - INFO: ----------------------------------------------
2023-03-01 15:20:27,535 - ts_mome_backtest_new.py[line:84] - INFO: 2023-01-17 00:00:00交易开始
2023-03-01 15:20:27,537 - ts_mome_backtest_new.py[line:70] - INFO: 平仓IF9999, 平仓价格4153.0, 收益率-9.9190097592163e-05, 仓位0.20596823765012648
2023-03-01 15:20:27,537 - ts_mome_backtest_new.py[line:70] - INFO: 平仓IM9999, 平仓价格6620.8, 收益率0.001774962252715423, 仓位0.7940317623498736
2023-03-01 15:20:27,538 - ts_mome_backtest_new.py[line:134] - INFO: 标的因子值相差大于阈值, 进行新交易
2023-03-01 15:20:27,539 - ts_mome_backtest_new.py[line:70] - INFO: 平仓IF9999, 平仓价格4153.0, 收益率-9.9190097592163e-05, 仓位0.20596823765012648
2023-03-01 15:20:27,540 - ts_mome_backtest_new.py[line:70] - INFO: 平仓IM9999, 平仓价格6620.8, 收益率0.001774962252715423, 仓位0.7940317623498736
2023-03-01 15:20:27,541 - ts_mome_backtest_new.py[line:159] - INFO: 多IF空IM; IF开仓4151.0, 仓位0.11010904467350426; IM开仓6606.0, 仓位0.8898909553264958.
2023-03-01 15:20:27,542 - ts_mome_backtest_new.py[line:173] - INFO: 2023-01-17 00:00:00交易结束, 当天总收益率为0.001774962252715423
2023-03-01 15:20:27,542 - ts_mome_backtest_new.py[line:83] - INFO: ----------------------------------------------
2023-03-01 15:20:27,542 - ts_mome_backtest_new.py[line:84] - INFO: 2023-01-16 00:00:00交易开始
2023-03-01 15:20:27,544 - ts_mome_backtest_new.py[line:70] - INFO: 平仓IF9999, 平仓价格4151.0, 收益率-0.0016021648514284912, 仓位0.11010904467350426
2023-03-01 15:20:27,544 - ts_mome_backtest_new.py[line:70] - INFO: 平仓IM9999, 平仓价格6606.0, 收益率0.008890826983280158, 仓位0.8898909553264958
2023-03-01 15:20:27,544 - ts_mome_backtest_new.py[line:134] - INFO: 标的因子值相差大于阈值, 进行新交易
2023-03-01 15:20:27,545 - ts_mome_backtest_new.py[line:70] - INFO: 平仓IF9999, 平仓价格4151.0, 收益率-0.0016021648514284912, 仓位0.11010904467350426
2023-03-01 15:20:27,545 - ts_mome_backtest_new.py[line:70] - INFO: 平仓IM9999, 平仓价格6606.0, 收益率0.008890826983280158, 仓位0.8898909553264958
2023-03-01 15:20:27,547 - ts_mome_backtest_new.py[line:159] - INFO: 多IF空IM; IF开仓4090.6, 仓位0.1442833226081504; IM开仓6540.0, 仓位0.8557166773918496.
2023-03-01 15:20:27,547 - ts_mome_backtest_new.py[line:173] - INFO: 2023-01-16 00:00:00交易结束, 当天总收益率为0.008890826983280158
2023-03-01 15:20:27,548 - ts_mome_backtest_new.py[line:83] - INFO: ----------------------------------------------
2023-03-01 15:20:27,548 - ts_mome_backtest_new.py[line:84] - INFO: 2023-01-13 00:00:00交易开始
2023-03-01 15:20:27,549 - ts_mome_backtest_new.py[line:70] - INFO: 平仓IF9999, 平仓价格4090.6, 收益率-0.0018905749992169484, 仓位0.1442833226081504
2023-03-01 15:20:27,549 - ts_mome_backtest_new.py[line:70] - INFO: 平仓IM9999, 平仓价格6540.0, 收益率0.0039514745653262545, 仓位0.8557166773918496
2023-03-01 15:20:27,550 - ts_mome_backtest_new.py[line:134] - INFO: 标的因子值相差大于阈值, 进行新交易
2023-03-01 15:20:27,551 - ts_mome_backtest_new.py[line:70] - INFO: 平仓IF9999, 平仓价格4090.6, 收益率-0.0018905749992169484, 仓位0.1442833226081504
2023-03-01 15:20:27,551 - ts_mome_backtest_new.py[line:70] - INFO: 平仓IM9999, 平仓价格6540.0, 收益率0.0039514745653262545, 仓位0.8557166773918496
2023-03-01 15:20:27,552 - ts_mome_backtest_new.py[line:159] - INFO: 多IF空IM; IF开仓4037.0, 仓位0.1036060422787947; IM开仓6509.8, 仓位0.8963939577212053.
2023-03-01 15:20:27,552 - ts_mome_backtest_new.py[line:173] - INFO: 2023-01-13 00:00:00交易结束, 当天总收益率为0.0039514745653262545
2023-03-01 15:20:27,553 - ts_mome_backtest_new.py[line:83] - INFO: ----------------------------------------------
2023-03-01 15:20:27,553 - ts_mome_backtest_new.py[line:84] - INFO: 2023-01-12 00:00:00交易开始
2023-03-01 15:20:27,554 - ts_mome_backtest_new.py[line:70] - INFO: 平仓IF9999, 平仓价格4037.0, 收益率-0.00018991446937406247, 仓位0.1036060422787947
2023-03-01 15:20:27,556 - ts_mome_backtest_new.py[line:70] - INFO: 平仓IM9999, 平仓价格6509.8, 收益率0.0013494517167452111, 仓位0.8963939577212053
2023-03-01 15:20:27,557 - ts_mome_backtest_new.py[line:134] - INFO: 标的因子值相差大于阈值, 进行新交易
2023-03-01 15:20:27,558 - ts_mome_backtest_new.py[line:70] - INFO: 平仓IF9999, 平仓价格4037.0, 收益率-0.00018991446937406247, 仓位0.1036060422787947
2023-03-01 15:20:27,558 - ts_mome_backtest_new.py[line:70] - INFO: 平仓IM9999, 平仓价格6509.8, 收益率0.0013494517167452111, 仓位0.8963939577212053
2023-03-01 15:20:27,560 - ts_mome_backtest_new.py[line:159] - INFO: 多IF空IM; IF开仓4029.6, 仓位0.18050175700429152; IM开仓6500.0, 仓位0.8194982429957085.
2023-03-01 15:20:27,560 - ts_mome_backtest_new.py[line:173] - INFO: 2023-01-12 00:00:00交易结束, 当天总收益率为0.0013494517167452111
2023-03-01 15:20:27,560 - ts_mome_backtest_new.py[line:83] - INFO: ----------------------------------------------
2023-03-01 15:20:27,561 - ts_mome_backtest_new.py[line:84] - INFO: 2023-01-11 00:00:00交易开始
2023-03-01 15:20:27,562 - ts_mome_backtest_new.py[line:70] - INFO: 平仓IF9999, 平仓价格4029.6, 收益率-0.00034043412577739704, 仓位0.18050175700429152
2023-03-01 15:20:27,562 - ts_mome_backtest_new.py[line:70] - INFO: 平仓IM9999, 平仓价格6500.0, 收益率-0.0049169894579742515, 仓位0.8194982429957085
2023-03-01 15:20:27,562 - ts_mome_backtest_new.py[line:134] - INFO: 标的因子值相差大于阈值, 进行新交易
2023-03-01 15:20:27,563 - ts_mome_backtest_new.py[line:70] - INFO: 平仓IF9999, 平仓价格4029.6, 收益率-0.00034043412577739704, 仓位0.18050175700429152
2023-03-01 15:20:27,564 - ts_mome_backtest_new.py[line:70] - INFO: 平仓IM9999, 平仓价格6500.0, 收益率-0.0049169894579742515, 仓位0.8194982429957085
2023-03-01 15:20:27,565 - ts_mome_backtest_new.py[line:159] - INFO: 多IF空IM; IF开仓4022.0, 仓位0.23772881558161604; IM开仓6539.0, 仓位0.7622711844183839.
2023-03-01 15:20:27,566 - ts_mome_backtest_new.py[line:173] - INFO: 2023-01-11 00:00:00交易结束, 当天总收益率为-0.0049169894579742515
2023-03-01 15:20:27,567 - ts_mome_backtest_new.py[line:83] - INFO: ----------------------------------------------
2023-03-01 15:20:27,568 - ts_mome_backtest_new.py[line:84] - INFO: 2023-01-10 00:00:00交易开始
2023-03-01 15:20:27,570 - ts_mome_backtest_new.py[line:70] - INFO: 平仓IF9999, 平仓价格4022.0, 收益率-0.0004728569181136072, 仓位0.23772881558161604
2023-03-01 15:20:27,570 - ts_mome_backtest_new.py[line:70] - INFO: 平仓IM9999, 平仓价格6539.0, 收益率0.0013988766192109814, 仓位0.7622711844183839
2023-03-01 15:20:27,571 - ts_mome_backtest_new.py[line:134] - INFO: 标的因子值相差大于阈值, 进行新交易
2023-03-01 15:20:27,572 - ts_mome_backtest_new.py[line:70] - INFO: 平仓IF9999, 平仓价格4022.0, 收益率-0.0004728569181136072, 仓位0.23772881558161604
2023-03-01 15:20:27,573 - ts_mome_backtest_new.py[line:70] - INFO: 平仓IM9999, 平仓价格6539.0, 收益率0.0013988766192109814, 仓位0.7622711844183839
2023-03-01 15:20:27,574 - ts_mome_backtest_new.py[line:159] - INFO: 多IF空IM; IF开仓4014.0, 仓位0.31971242442712544; IM开仓6527.0, 仓位0.6802875755728744.
2023-03-01 15:20:27,575 - ts_mome_backtest_new.py[line:173] - INFO: 2023-01-10 00:00:00交易结束, 当天总收益率为0.0013988766192109814
2023-03-01 15:20:27,575 - ts_mome_backtest_new.py[line:83] - INFO: ----------------------------------------------
2023-03-01 15:20:27,575 - ts_mome_backtest_new.py[line:84] - INFO: 2023-01-09 00:00:00交易开始
2023-03-01 15:20:27,576 - ts_mome_backtest_new.py[line:70] - INFO: 平仓IF9999, 平仓价格4014.0, 收益率-0.0004778960006384536, 仓位0.31971242442712544
2023-03-01 15:20:27,577 - ts_mome_backtest_new.py[line:70] - INFO: 平仓IM9999, 平仓价格6527.0, 收益率0.0009171948314756273, 仓位0.6802875755728744
2023-03-01 15:20:27,577 - ts_mome_backtest_new.py[line:134] - INFO: 标的因子值相差大于阈值, 进行新交易
2023-03-01 15:20:27,578 - ts_mome_backtest_new.py[line:70] - INFO: 平仓IF9999, 平仓价格4014.0, 收益率-0.0004778960006384536, 仓位0.31971242442712544
2023-03-01 15:20:27,578 - ts_mome_backtest_new.py[line:70] - INFO: 平仓IM9999, 平仓价格6527.0, 收益率0.0009171948314756273, 仓位0.6802875755728744
2023-03-01 15:20:27,579 - ts_mome_backtest_new.py[line:159] - INFO: 多IF空IM; IF开仓4008.0, 仓位0.5287011006661262; IM开仓6518.2, 仓位0.4712988993338738.
2023-03-01 15:20:27,580 - ts_mome_backtest_new.py[line:173] - INFO: 2023-01-09 00:00:00交易结束, 当天总收益率为0.0009171948314756273
2023-03-01 15:20:27,580 - ts_mome_backtest_new.py[line:83] - INFO: ----------------------------------------------
2023-03-01 15:20:27,581 - ts_mome_backtest_new.py[line:84] - INFO: 2023-01-06 00:00:00交易开始
2023-03-01 15:20:27,582 - ts_mome_backtest_new.py[line:70] - INFO: 平仓IF9999, 平仓价格4008.0, 收益率-0.004326695634193871, 仓位0.5287011006661262
2023-03-01 15:20:27,582 - ts_mome_backtest_new.py[line:70] - INFO: 平仓IM9999, 平仓价格6518.2, 收益率0.002241457132237441, 仓位0.4712988993338738
2023-03-01 15:20:27,582 - ts_mome_backtest_new.py[line:134] - INFO: 标的因子值相差大于阈值, 进行新交易
2023-03-01 15:20:27,583 - ts_mome_backtest_new.py[line:70] - INFO: 平仓IF9999, 平仓价格4008.0, 收益率-0.004326695634193871, 仓位0.5287011006661262
2023-03-01 15:20:27,583 - ts_mome_backtest_new.py[line:70] - INFO: 平仓IM9999, 平仓价格6518.2, 收益率0.002241457132237441, 仓位0.4712988993338738
2023-03-01 15:20:27,584 - ts_mome_backtest_new.py[line:167] - INFO: 空IF多IM; IF开仓3975.2, 仓位0.5423712421050385; IM开仓6487.2, 仓位0.4576287578949615.
2023-03-01 15:20:27,585 - ts_mome_backtest_new.py[line:173] - INFO: 2023-01-06 00:00:00交易结束, 当天总收益率为0.002241457132237441
2023-03-01 15:20:27,585 - ts_mome_backtest_new.py[line:83] - INFO: ----------------------------------------------
2023-03-01 15:20:27,585 - ts_mome_backtest_new.py[line:84] - INFO: 2023-01-05 00:00:00交易开始
2023-03-01 15:20:27,586 - ts_mome_backtest_new.py[line:70] - INFO: 平仓IF9999, 平仓价格3975.2, 收益率0.007012950755735255, 仓位0.5423712421050385
2023-03-01 15:20:27,587 - ts_mome_backtest_new.py[line:70] - INFO: 平仓IM9999, 平仓价格6487.2, 收益率-0.0037670143777886883, 仓位0.4576287578949615
2023-03-01 15:20:27,588 - ts_mome_backtest_new.py[line:134] - INFO: 标的因子值相差大于阈值, 进行新交易
2023-03-01 15:20:27,589 - ts_mome_backtest_new.py[line:70] - INFO: 平仓IF9999, 平仓价格3975.2, 收益率0.007012950755735255, 仓位0.5423712421050385
2023-03-01 15:20:27,590 - ts_mome_backtest_new.py[line:70] - INFO: 平仓IM9999, 平仓价格6487.2, 收益率-0.0037670143777886883, 仓位0.4576287578949615
2023-03-01 15:20:27,592 - ts_mome_backtest_new.py[line:167] - INFO: 空IF多IM; IF开仓3923.8, 仓位0.5487215663665201; IM开仓6433.8, 仓位0.4512784336334799.
2023-03-01 15:20:27,593 - ts_mome_backtest_new.py[line:173] - INFO: 2023-01-05 00:00:00交易结束, 当天总收益率为-0.0037670143777886883
2023-03-01 15:20:27,593 - ts_mome_backtest_new.py[line:83] - INFO: ----------------------------------------------
2023-03-01 15:20:27,593 - ts_mome_backtest_new.py[line:84] - INFO: 2023-01-04 00:00:00交易开始
2023-03-01 15:20:27,594 - ts_mome_backtest_new.py[line:70] - INFO: 平仓IF9999, 平仓价格3923.8, 收益率0.003691892897720623, 仓位0.5487215663665201
2023-03-01 15:20:27,594 - ts_mome_backtest_new.py[line:70] - INFO: 平仓IM9999, 平仓价格6433.8, 收益率-0.0009679570990926209, 仓位0.4512784336334799
2023-03-01 15:20:27,595 - ts_mome_backtest_new.py[line:134] - INFO: 标的因子值相差大于阈值, 进行新交易
2023-03-01 15:20:27,595 - ts_mome_backtest_new.py[line:70] - INFO: 平仓IF9999, 平仓价格3923.8, 收益率0.003691892897720623, 仓位0.5487215663665201
2023-03-01 15:20:27,596 - ts_mome_backtest_new.py[line:70] - INFO: 平仓IM9999, 平仓价格6433.8, 收益率-0.0009679570990926209, 仓位0.4512784336334799
2023-03-01 15:20:27,597 - ts_mome_backtest_new.py[line:167] - INFO: 空IF多IM; IF开仓3897.4, 仓位0.5019373592991143; IM开仓6420.0, 仓位0.4980626407008858.
2023-03-01 15:20:27,599 - ts_mome_backtest_new.py[line:173] - INFO: 2023-01-04 00:00:00交易结束, 当天总收益率为-0.0009679570990926209
2023-03-01 15:20:27,599 - ts_mome_backtest_new.py[line:83] - INFO: ----------------------------------------------
2023-03-01 15:20:27,600 - ts_mome_backtest_new.py[line:84] - INFO: 2023-01-03 00:00:00交易开始
2023-03-01 15:20:27,601 - ts_mome_backtest_new.py[line:70] - INFO: 平仓IF9999, 平仓价格3897.4, 收益率0.004687873936082467, 仓位0.5019373592991143
2023-03-01 15:20:27,602 - ts_mome_backtest_new.py[line:70] - INFO: 平仓IM9999, 平仓价格6420.0, 收益率-0.010861179080704674, 仓位0.4980626407008858
2023-03-01 15:20:27,603 - ts_mome_backtest_new.py[line:134] - INFO: 标的因子值相差大于阈值, 进行新交易
2023-03-01 15:20:27,604 - ts_mome_backtest_new.py[line:70] - INFO: 平仓IF9999, 平仓价格3897.4, 收益率0.004687873936082467, 仓位0.5019373592991143
2023-03-01 15:20:27,606 - ts_mome_backtest_new.py[line:70] - INFO: 平仓IM9999, 平仓价格6420.0, 收益率-0.010861179080704674, 仓位0.4980626407008858
2023-03-01 15:20:27,609 - ts_mome_backtest_new.py[line:167] - INFO: 空IF多IM; IF开仓3861.0, 仓位0.565400102012265; IM开仓6280.0, 仓位0.43459989798773513.
2023-03-01 15:20:27,610 - ts_mome_backtest_new.py[line:173] - INFO: 2023-01-03 00:00:00交易结束, 当天总收益率为-0.010861179080704674
