2023-03-01 15:20:52,596 - pn_mome_backtest_new.py[line:85] - INFO: ----------------------------------------------
2023-03-01 15:20:52,597 - pn_mome_backtest_new.py[line:86] - INFO: 2023-02-27 00:00:00交易开始
2023-03-01 15:20:52,598 - pn_mome_backtest_new.py[line:122] - INFO: 标的因子值相差大于阈值, 进行新交易
2023-03-01 15:20:52,599 - pn_mome_backtest_new.py[line:156] - INFO: 空IF多IM; IF开仓4050.0, 仓位0.5; IM开仓6903.2, 仓位0.5.
2023-03-01 15:20:52,599 - pn_mome_backtest_new.py[line:162] - INFO: 2023-02-27 00:00:00交易结束, 当天总收益率为0.0
2023-03-01 15:20:52,600 - pn_mome_backtest_new.py[line:85] - INFO: ----------------------------------------------
2023-03-01 15:20:52,600 - pn_mome_backtest_new.py[line:86] - INFO: 2023-02-24 00:00:00交易开始
2023-03-01 15:20:52,600 - pn_mome_backtest_new.py[line:72] - INFO: 平仓IF9999, 平仓价格4050.0, 收益率-0.00654320987654321, 仓位0.5
2023-03-01 15:20:52,601 - pn_mome_backtest_new.py[line:72] - INFO: 平仓IM9999, 平仓价格6903.2, 收益率0.0031724417661374567, 仓位0.5
2023-03-01 15:20:52,602 - pn_mome_backtest_new.py[line:122] - INFO: 标的因子值相差大于阈值, 进行新交易
2023-03-01 15:20:52,603 - pn_mome_backtest_new.py[line:156] - INFO: 空IF多IM; IF开仓4103.0, 仓位0.5; IM开仓6947.0, 仓位0.5.
2023-03-01 15:20:52,603 - pn_mome_backtest_new.py[line:162] - INFO: 2023-02-24 00:00:00交易结束, 当天总收益率为0.0031724417661374567
2023-03-01 15:20:52,603 - pn_mome_backtest_new.py[line:85] - INFO: ----------------------------------------------
2023-03-01 15:20:52,604 - pn_mome_backtest_new.py[line:86] - INFO: 2023-02-23 00:00:00交易开始
2023-03-01 15:20:52,605 - pn_mome_backtest_new.py[line:72] - INFO: 平仓IF9999, 平仓价格4103.0, 收益率-0.001584206678040458, 仓位0.5
2023-03-01 15:20:52,605 - pn_mome_backtest_new.py[line:72] - INFO: 平仓IM9999, 平仓价格6947.0, 收益率0.0015114437886857637, 仓位0.5
2023-03-01 15:20:52,606 - pn_mome_backtest_new.py[line:122] - INFO: 标的因子值相差大于阈值, 进行新交易
2023-03-01 15:20:52,606 - pn_mome_backtest_new.py[line:156] - INFO: 空IF多IM; IF开仓4116.0, 仓位0.5; IM开仓6968.0, 仓位0.5.
2023-03-01 15:20:52,607 - pn_mome_backtest_new.py[line:162] - INFO: 2023-02-23 00:00:00交易结束, 当天总收益率为0.0015114437886857637
2023-03-01 15:20:52,607 - pn_mome_backtest_new.py[line:85] - INFO: ----------------------------------------------
2023-03-01 15:20:52,608 - pn_mome_backtest_new.py[line:86] - INFO: 2023-02-22 00:00:00交易开始
2023-03-01 15:20:52,609 - pn_mome_backtest_new.py[line:72] - INFO: 平仓IF9999, 平仓价格4116.0, 收益率-0.0018221574344023323, 仓位0.5
2023-03-01 15:20:52,609 - pn_mome_backtest_new.py[line:72] - INFO: 平仓IM9999, 平仓价格6968.0, 收益率-0.0037313432835820895, 仓位0.5
2023-03-01 15:20:52,610 - pn_mome_backtest_new.py[line:122] - INFO: 标的因子值相差大于阈值, 进行新交易
2023-03-01 15:20:52,610 - pn_mome_backtest_new.py[line:124] - INFO: 两个标的因子值同正负, 做多因子值大的标的, 做空因子值小的标的
2023-03-01 15:20:52,611 - pn_mome_backtest_new.py[line:130] - INFO: 多IF空IM; IF开仓4131.0, 仓位0.5; IM开仓6916.0, 仓位0.5.
2023-03-01 15:20:52,611 - pn_mome_backtest_new.py[line:162] - INFO: 2023-02-22 00:00:00交易结束, 当天总收益率为-0.0037313432835820895
2023-03-01 15:20:52,612 - pn_mome_backtest_new.py[line:85] - INFO: ----------------------------------------------
2023-03-01 15:20:52,612 - pn_mome_backtest_new.py[line:86] - INFO: 2023-02-21 00:00:00交易开始
2023-03-01 15:20:52,612 - pn_mome_backtest_new.py[line:72] - INFO: 平仓IF9999, 平仓价格4131.0, 收益率0.0010893246187363835, 仓位0.5
2023-03-01 15:20:52,613 - pn_mome_backtest_new.py[line:72] - INFO: 平仓IM9999, 平仓价格6916.0, 收益率-0.0006795835743203902, 仓位0.5
2023-03-01 15:20:52,613 - pn_mome_backtest_new.py[line:122] - INFO: 标的因子值相差大于阈值, 进行新交易
2023-03-01 15:20:52,614 - pn_mome_backtest_new.py[line:124] - INFO: 两个标的因子值同正负, 做多因子值大的标的, 做空因子值小的标的
2023-03-01 15:20:52,614 - pn_mome_backtest_new.py[line:130] - INFO: 多IF空IM; IF开仓4140.0, 仓位0.5; IM开仓6925.4, 仓位0.5.
2023-03-01 15:20:52,615 - pn_mome_backtest_new.py[line:162] - INFO: 2023-02-21 00:00:00交易结束, 当天总收益率为-0.0006795835743203902
2023-03-01 15:20:52,615 - pn_mome_backtest_new.py[line:85] - INFO: ----------------------------------------------
2023-03-01 15:20:52,615 - pn_mome_backtest_new.py[line:86] - INFO: 2023-02-20 00:00:00交易开始
2023-03-01 15:20:52,616 - pn_mome_backtest_new.py[line:72] - INFO: 平仓IF9999, 平仓价格4140.0, 收益率-0.010990338164251207, 仓位0.5
2023-03-01 15:20:52,616 - pn_mome_backtest_new.py[line:72] - INFO: 平仓IM9999, 平仓价格6925.4, 收益率0.003927570970629829, 仓位0.5
2023-03-01 15:20:52,617 - pn_mome_backtest_new.py[line:122] - INFO: 标的因子值相差大于阈值, 进行新交易
2023-03-01 15:20:52,617 - pn_mome_backtest_new.py[line:124] - INFO: 两个标的因子值同正负, 做多因子值大的标的, 做空因子值小的标的
2023-03-01 15:20:52,617 - pn_mome_backtest_new.py[line:130] - INFO: 多IF空IM; IF开仓4049.0, 仓位0.5; IM开仓6871.0, 仓位0.5.
2023-03-01 15:20:52,618 - pn_mome_backtest_new.py[line:162] - INFO: 2023-02-20 00:00:00交易结束, 当天总收益率为0.003927570970629829
2023-03-01 15:20:52,618 - pn_mome_backtest_new.py[line:85] - INFO: ----------------------------------------------
2023-03-01 15:20:52,618 - pn_mome_backtest_new.py[line:86] - INFO: 2023-02-17 00:00:00交易开始
2023-03-01 15:20:52,619 - pn_mome_backtest_new.py[line:72] - INFO: 平仓IF9999, 平仓价格4049.0, 收益率0.0061743640405038285, 仓位0.5
2023-03-01 15:20:52,619 - pn_mome_backtest_new.py[line:72] - INFO: 平仓IM9999, 平仓价格6871.0, 收益率-0.004147867850385679, 仓位0.5
2023-03-01 15:20:52,620 - pn_mome_backtest_new.py[line:122] - INFO: 标的因子值相差大于阈值, 进行新交易
2023-03-01 15:20:52,620 - pn_mome_backtest_new.py[line:124] - INFO: 两个标的因子值同正负, 做多因子值大的标的, 做空因子值小的标的
2023-03-01 15:20:52,621 - pn_mome_backtest_new.py[line:130] - INFO: 多IF空IM; IF开仓4099.0, 仓位0.5; IM开仓6928.0, 仓位0.5.
2023-03-01 15:20:52,622 - pn_mome_backtest_new.py[line:162] - INFO: 2023-02-17 00:00:00交易结束, 当天总收益率为-0.004147867850385679
2023-03-01 15:20:52,622 - pn_mome_backtest_new.py[line:85] - INFO: ----------------------------------------------
2023-03-01 15:20:52,622 - pn_mome_backtest_new.py[line:86] - INFO: 2023-02-16 00:00:00交易开始
2023-03-01 15:20:52,623 - pn_mome_backtest_new.py[line:72] - INFO: 平仓IF9999, 平仓价格4099.0, 收益率0.004122956818736299, 仓位0.5
2023-03-01 15:20:52,624 - pn_mome_backtest_new.py[line:72] - INFO: 平仓IM9999, 平仓价格6928.0, 收益率-0.008068706697459597, 仓位0.5
2023-03-01 15:20:52,624 - pn_mome_backtest_new.py[line:122] - INFO: 标的因子值相差大于阈值, 进行新交易
2023-03-01 15:20:52,624 - pn_mome_backtest_new.py[line:124] - INFO: 两个标的因子值同正负, 做多因子值大的标的, 做空因子值小的标的
2023-03-01 15:20:52,625 - pn_mome_backtest_new.py[line:130] - INFO: 多IF空IM; IF开仓4132.8, 仓位0.5; IM开仓7039.8, 仓位0.5.
2023-03-01 15:20:52,626 - pn_mome_backtest_new.py[line:162] - INFO: 2023-02-16 00:00:00交易结束, 当天总收益率为-0.008068706697459597
2023-03-01 15:20:52,626 - pn_mome_backtest_new.py[line:85] - INFO: ----------------------------------------------
2023-03-01 15:20:52,626 - pn_mome_backtest_new.py[line:86] - INFO: 2023-02-15 00:00:00交易开始
2023-03-01 15:20:52,627 - pn_mome_backtest_new.py[line:72] - INFO: 平仓IF9999, 平仓价格4132.8, 收益率0.0025648470770421768, 仓位0.5
2023-03-01 15:20:52,627 - pn_mome_backtest_new.py[line:72] - INFO: 平仓IM9999, 平仓价格7039.8, 收益率-1.4204949004220154e-05, 仓位0.5
2023-03-01 15:20:52,628 - pn_mome_backtest_new.py[line:122] - INFO: 标的因子值相差大于阈值, 进行新交易
2023-03-01 15:20:52,628 - pn_mome_backtest_new.py[line:156] - INFO: 空IF多IM; IF开仓4154.0, 仓位0.5; IM开仓7040.0, 仓位0.5.
2023-03-01 15:20:52,629 - pn_mome_backtest_new.py[line:162] - INFO: 2023-02-15 00:00:00交易结束, 当天总收益率为-1.4204949004220154e-05
2023-03-01 15:20:52,629 - pn_mome_backtest_new.py[line:85] - INFO: ----------------------------------------------
2023-03-01 15:20:52,629 - pn_mome_backtest_new.py[line:86] - INFO: 2023-02-14 00:00:00交易开始
2023-03-01 15:20:52,630 - pn_mome_backtest_new.py[line:72] - INFO: 平仓IF9999, 平仓价格4154.0, 收益率0.000601829561868079, 仓位0.5
2023-03-01 15:20:52,630 - pn_mome_backtest_new.py[line:72] - INFO: 平仓IM9999, 平仓价格7040.0, 收益率-0.0003551136363636364, 仓位0.5
2023-03-01 15:20:52,631 - pn_mome_backtest_new.py[line:122] - INFO: 标的因子值相差大于阈值, 进行新交易
2023-03-01 15:20:52,631 - pn_mome_backtest_new.py[line:156] - INFO: 空IF多IM; IF开仓4149.0, 仓位0.5; IM开仓7035.0, 仓位0.5.
2023-03-01 15:20:52,632 - pn_mome_backtest_new.py[line:162] - INFO: 2023-02-14 00:00:00交易结束, 当天总收益率为-0.0003551136363636364
2023-03-01 15:20:52,632 - pn_mome_backtest_new.py[line:85] - INFO: ----------------------------------------------
2023-03-01 15:20:52,633 - pn_mome_backtest_new.py[line:86] - INFO: 2023-02-13 00:00:00交易开始
2023-03-01 15:20:52,634 - pn_mome_backtest_new.py[line:72] - INFO: 平仓IF9999, 平仓价格4149.0, 收益率0.00638708122439142, 仓位0.5
2023-03-01 15:20:52,634 - pn_mome_backtest_new.py[line:72] - INFO: 平仓IM9999, 平仓价格7035.0, 收益率-0.006823027718550106, 仓位0.5
2023-03-01 15:20:52,634 - pn_mome_backtest_new.py[line:122] - INFO: 标的因子值相差大于阈值, 进行新交易
2023-03-01 15:20:52,635 - pn_mome_backtest_new.py[line:156] - INFO: 空IF多IM; IF开仓4096.0, 仓位0.5; IM开仓6939.0, 仓位0.5.
2023-03-01 15:20:52,635 - pn_mome_backtest_new.py[line:162] - INFO: 2023-02-13 00:00:00交易结束, 当天总收益率为-0.006823027718550106
2023-03-01 15:20:52,635 - pn_mome_backtest_new.py[line:85] - INFO: ----------------------------------------------
2023-03-01 15:20:52,636 - pn_mome_backtest_new.py[line:86] - INFO: 2023-02-10 00:00:00交易开始
2023-03-01 15:20:52,636 - pn_mome_backtest_new.py[line:72] - INFO: 平仓IF9999, 平仓价格4096.0, 收益率-0.004907226562499978, 仓位0.5
2023-03-01 15:20:52,637 - pn_mome_backtest_new.py[line:72] - INFO: 平仓IM9999, 平仓价格6939.0, 收益率0.004640438103473097, 仓位0.5
2023-03-01 15:20:52,637 - pn_mome_backtest_new.py[line:122] - INFO: 标的因子值相差大于阈值, 进行新交易
2023-03-01 15:20:52,638 - pn_mome_backtest_new.py[line:156] - INFO: 空IF多IM; IF开仓4136.2, 仓位0.5; IM开仓7003.4, 仓位0.5.
2023-03-01 15:20:52,638 - pn_mome_backtest_new.py[line:162] - INFO: 2023-02-10 00:00:00交易结束, 当天总收益率为0.004640438103473097
2023-03-01 15:20:52,639 - pn_mome_backtest_new.py[line:85] - INFO: ----------------------------------------------
2023-03-01 15:20:52,639 - pn_mome_backtest_new.py[line:86] - INFO: 2023-02-09 00:00:00交易开始
2023-03-01 15:20:52,640 - pn_mome_backtest_new.py[line:72] - INFO: 平仓IF9999, 平仓价格4136.2, 收益率0.006817852134809685, 仓位0.5
2023-03-01 15:20:52,640 - pn_mome_backtest_new.py[line:72] - INFO: 平仓IM9999, 平仓价格7003.4, 收益率-0.01103749607333577, 仓位0.5
2023-03-01 15:20:52,641 - pn_mome_backtest_new.py[line:122] - INFO: 标的因子值相差大于阈值, 进行新交易
2023-03-01 15:20:52,642 - pn_mome_backtest_new.py[line:124] - INFO: 两个标的因子值同正负, 做多因子值大的标的, 做空因子值小的标的
2023-03-01 15:20:52,642 - pn_mome_backtest_new.py[line:130] - INFO: 多IF空IM; IF开仓4079.8, 仓位0.5; IM开仓6848.8, 仓位0.5.
2023-03-01 15:20:52,643 - pn_mome_backtest_new.py[line:162] - INFO: 2023-02-09 00:00:00交易结束, 当天总收益率为-0.01103749607333577
2023-03-01 15:20:52,643 - pn_mome_backtest_new.py[line:85] - INFO: ----------------------------------------------
2023-03-01 15:20:52,644 - pn_mome_backtest_new.py[line:86] - INFO: 2023-02-08 00:00:00交易开始
2023-03-01 15:20:52,644 - pn_mome_backtest_new.py[line:72] - INFO: 平仓IF9999, 平仓价格4079.8, 收益率0.0030883866856218217, 仓位0.5
2023-03-01 15:20:52,644 - pn_mome_backtest_new.py[line:72] - INFO: 平仓IM9999, 平仓价格6848.8, 收益率-0.004263520616750353, 仓位0.5
2023-03-01 15:20:52,645 - pn_mome_backtest_new.py[line:122] - INFO: 标的因子值相差大于阈值, 进行新交易
2023-03-01 15:20:52,645 - pn_mome_backtest_new.py[line:124] - INFO: 两个标的因子值同正负, 做多因子值大的标的, 做空因子值小的标的
2023-03-01 15:20:52,646 - pn_mome_backtest_new.py[line:130] - INFO: 多IF空IM; IF开仓4105.0, 仓位0.5; IM开仓6907.2, 仓位0.5.
2023-03-01 15:20:52,646 - pn_mome_backtest_new.py[line:162] - INFO: 2023-02-08 00:00:00交易结束, 当天总收益率为-0.004263520616750353
2023-03-01 15:20:52,647 - pn_mome_backtest_new.py[line:85] - INFO: ----------------------------------------------
2023-03-01 15:20:52,647 - pn_mome_backtest_new.py[line:86] - INFO: 2023-02-07 00:00:00交易开始
2023-03-01 15:20:52,648 - pn_mome_backtest_new.py[line:72] - INFO: 平仓IF9999, 平仓价格4105.0, 收益率0.0003654080389768575, 仓位0.5
2023-03-01 15:20:52,648 - pn_mome_backtest_new.py[line:72] - INFO: 平仓IM9999, 平仓价格6907.2, 收益率0.0005067176279823952, 仓位0.5
2023-03-01 15:20:52,649 - pn_mome_backtest_new.py[line:122] - INFO: 标的因子值相差大于阈值, 进行新交易
2023-03-01 15:20:52,649 - pn_mome_backtest_new.py[line:124] - INFO: 两个标的因子值同正负, 做多因子值大的标的, 做空因子值小的标的
2023-03-01 15:20:52,649 - pn_mome_backtest_new.py[line:130] - INFO: 多IF空IM; IF开仓4108.0, 仓位0.5; IM开仓6900.2, 仓位0.5.
2023-03-01 15:20:52,650 - pn_mome_backtest_new.py[line:162] - INFO: 2023-02-07 00:00:00交易结束, 当天总收益率为0.0005067176279823952
2023-03-01 15:20:52,650 - pn_mome_backtest_new.py[line:85] - INFO: ----------------------------------------------
2023-03-01 15:20:52,651 - pn_mome_backtest_new.py[line:86] - INFO: 2023-02-06 00:00:00交易开始
2023-03-01 15:20:52,651 - pn_mome_backtest_new.py[line:72] - INFO: 平仓IF9999, 平仓价格4108.0, 收益率-0.00031645569620257594, 仓位0.5
2023-03-01 15:20:52,652 - pn_mome_backtest_new.py[line:72] - INFO: 平仓IM9999, 平仓价格6900.2, 收益率0.0019129880293324568, 仓位0.5
2023-03-01 15:20:52,652 - pn_mome_backtest_new.py[line:122] - INFO: 标的因子值相差大于阈值, 进行新交易
2023-03-01 15:20:52,652 - pn_mome_backtest_new.py[line:124] - INFO: 两个标的因子值同正负, 做多因子值大的标的, 做空因子值小的标的
2023-03-01 15:20:52,653 - pn_mome_backtest_new.py[line:130] - INFO: 多IF空IM; IF开仓4105.4, 仓位0.5; IM开仓6873.8, 仓位0.5.
2023-03-01 15:20:52,654 - pn_mome_backtest_new.py[line:162] - INFO: 2023-02-06 00:00:00交易结束, 当天总收益率为0.0019129880293324568
2023-03-01 15:20:52,654 - pn_mome_backtest_new.py[line:85] - INFO: ----------------------------------------------
2023-03-01 15:20:52,654 - pn_mome_backtest_new.py[line:86] - INFO: 2023-02-03 00:00:00交易开始
2023-03-01 15:20:52,655 - pn_mome_backtest_new.py[line:72] - INFO: 平仓IF9999, 平仓价格4105.4, 收益率0.0068202854776635655, 仓位0.5
2023-03-01 15:20:52,655 - pn_mome_backtest_new.py[line:72] - INFO: 平仓IM9999, 平仓价格6873.8, 收益率-0.0035206145072594224, 仓位0.5
2023-03-01 15:20:52,655 - pn_mome_backtest_new.py[line:122] - INFO: 标的因子值相差大于阈值, 进行新交易
2023-03-01 15:20:52,655 - pn_mome_backtest_new.py[line:124] - INFO: 两个标的因子值同正负, 做多因子值大的标的, 做空因子值小的标的
2023-03-01 15:20:52,656 - pn_mome_backtest_new.py[line:130] - INFO: 多IF空IM; IF开仓4161.4, 仓位0.5; IM开仓6922.2, 仓位0.5.
2023-03-01 15:20:52,656 - pn_mome_backtest_new.py[line:162] - INFO: 2023-02-03 00:00:00交易结束, 当天总收益率为-0.0035206145072594224
2023-03-01 15:20:52,656 - pn_mome_backtest_new.py[line:85] - INFO: ----------------------------------------------
2023-03-01 15:20:52,656 - pn_mome_backtest_new.py[line:86] - INFO: 2023-02-02 00:00:00交易开始
2023-03-01 15:20:52,657 - pn_mome_backtest_new.py[line:72] - INFO: 平仓IF9999, 平仓价格4161.4, 收益率0.006752535204498574, 仓位0.5
2023-03-01 15:20:52,657 - pn_mome_backtest_new.py[line:72] - INFO: 平仓IM9999, 平仓价格6922.2, 收益率-0.0012857184132212434, 仓位0.5
2023-03-01 15:20:52,657 - pn_mome_backtest_new.py[line:122] - INFO: 标的因子值相差大于阈值, 进行新交易
2023-03-01 15:20:52,658 - pn_mome_backtest_new.py[line:124] - INFO: 两个标的因子值同正负, 做多因子值大的标的, 做空因子值小的标的
2023-03-01 15:20:52,658 - pn_mome_backtest_new.py[line:130] - INFO: 多IF空IM; IF开仓4217.6, 仓位0.5; IM开仓6940.0, 仓位0.5.
2023-03-01 15:20:52,659 - pn_mome_backtest_new.py[line:162] - INFO: 2023-02-02 00:00:00交易结束, 当天总收益率为-0.0012857184132212434
2023-03-01 15:20:52,659 - pn_mome_backtest_new.py[line:85] - INFO: ----------------------------------------------
2023-03-01 15:20:52,660 - pn_mome_backtest_new.py[line:86] - INFO: 2023-02-01 00:00:00交易开始
2023-03-01 15:20:52,661 - pn_mome_backtest_new.py[line:72] - INFO: 平仓IF9999, 平仓价格4217.6, 收益率-0.002323596358118404, 仓位0.5
2023-03-01 15:20:52,661 - pn_mome_backtest_new.py[line:72] - INFO: 平仓IM9999, 平仓价格6940.0, 收益率0.007291066282420736, 仓位0.5
2023-03-01 15:20:52,662 - pn_mome_backtest_new.py[line:122] - INFO: 标的因子值相差大于阈值, 进行新交易
2023-03-01 15:20:52,662 - pn_mome_backtest_new.py[line:124] - INFO: 两个标的因子值同正负, 做多因子值大的标的, 做空因子值小的标的
2023-03-01 15:20:52,662 - pn_mome_backtest_new.py[line:130] - INFO: 多IF空IM; IF开仓4198.0, 仓位0.5; IM开仓6838.8, 仓位0.5.
2023-03-01 15:20:52,663 - pn_mome_backtest_new.py[line:162] - INFO: 2023-02-01 00:00:00交易结束, 当天总收益率为0.007291066282420736
2023-03-01 15:20:52,663 - pn_mome_backtest_new.py[line:85] - INFO: ----------------------------------------------
2023-03-01 15:20:52,663 - pn_mome_backtest_new.py[line:86] - INFO: 2023-01-31 00:00:00交易开始
2023-03-01 15:20:52,665 - pn_mome_backtest_new.py[line:72] - INFO: 平仓IF9999, 平仓价格4198.0, 收益率0.002763220581229135, 仓位0.5
2023-03-01 15:20:52,665 - pn_mome_backtest_new.py[line:72] - INFO: 平仓IM9999, 平仓价格6838.8, 收益率0.003407030473182456, 仓位0.5
2023-03-01 15:20:52,666 - pn_mome_backtest_new.py[line:122] - INFO: 标的因子值相差大于阈值, 进行新交易
2023-03-01 15:20:52,666 - pn_mome_backtest_new.py[line:124] - INFO: 两个标的因子值同正负, 做多因子值大的标的, 做空因子值小的标的
2023-03-01 15:20:52,667 - pn_mome_backtest_new.py[line:130] - INFO: 多IF空IM; IF开仓4221.2, 仓位0.5; IM开仓6792.2, 仓位0.5.
2023-03-01 15:20:52,667 - pn_mome_backtest_new.py[line:162] - INFO: 2023-01-31 00:00:00交易结束, 当天总收益率为0.003407030473182456
2023-03-01 15:20:52,668 - pn_mome_backtest_new.py[line:85] - INFO: ----------------------------------------------
2023-03-01 15:20:52,668 - pn_mome_backtest_new.py[line:86] - INFO: 2023-01-30 00:00:00交易开始
2023-03-01 15:20:52,669 - pn_mome_backtest_new.py[line:72] - INFO: 平仓IF9999, 平仓价格4221.2, 收益率0.006964844120155428, 仓位0.5
2023-03-01 15:20:52,669 - pn_mome_backtest_new.py[line:72] - INFO: 平仓IM9999, 平仓价格6792.2, 收益率-0.006551632755219222, 仓位0.5
2023-03-01 15:20:52,670 - pn_mome_backtest_new.py[line:122] - INFO: 标的因子值相差大于阈值, 进行新交易
2023-03-01 15:20:52,670 - pn_mome_backtest_new.py[line:124] - INFO: 两个标的因子值同正负, 做多因子值大的标的, 做空因子值小的标的
2023-03-01 15:20:52,671 - pn_mome_backtest_new.py[line:130] - INFO: 多IF空IM; IF开仓4280.0, 仓位0.5; IM开仓6881.2, 仓位0.5.
2023-03-01 15:20:52,672 - pn_mome_backtest_new.py[line:162] - INFO: 2023-01-30 00:00:00交易结束, 当天总收益率为-0.006551632755219222
2023-03-01 15:20:52,672 - pn_mome_backtest_new.py[line:85] - INFO: ----------------------------------------------
2023-03-01 15:20:52,672 - pn_mome_backtest_new.py[line:86] - INFO: 2023-01-20 00:00:00交易开始
2023-03-01 15:20:52,673 - pn_mome_backtest_new.py[line:72] - INFO: 平仓IF9999, 平仓价格4280.0, 收益率-0.010303738317756989, 仓位0.5
2023-03-01 15:20:52,674 - pn_mome_backtest_new.py[line:72] - INFO: 平仓IM9999, 平仓价格6881.2, 收益率0.010535953031448003, 仓位0.5
2023-03-01 15:20:52,674 - pn_mome_backtest_new.py[line:122] - INFO: 标的因子值相差大于阈值, 进行新交易
2023-03-01 15:20:52,675 - pn_mome_backtest_new.py[line:124] - INFO: 两个标的因子值同正负, 做多因子值大的标的, 做空因子值小的标的
2023-03-01 15:20:52,675 - pn_mome_backtest_new.py[line:130] - INFO: 多IF空IM; IF开仓4191.8, 仓位0.5; IM开仓6736.2, 仓位0.5.
2023-03-01 15:20:52,676 - pn_mome_backtest_new.py[line:162] - INFO: 2023-01-20 00:00:00交易结束, 当天总收益率为0.010535953031448003
2023-03-01 15:20:52,676 - pn_mome_backtest_new.py[line:85] - INFO: ----------------------------------------------
2023-03-01 15:20:52,676 - pn_mome_backtest_new.py[line:86] - INFO: 2023-01-19 00:00:00交易开始
2023-03-01 15:20:52,677 - pn_mome_backtest_new.py[line:72] - INFO: 平仓IF9999, 平仓价格4191.8, 收益率-0.008397347201679534, 仓位0.5
2023-03-01 15:20:52,677 - pn_mome_backtest_new.py[line:72] - INFO: 平仓IM9999, 平仓价格6736.2, 收益率0.009530595884920254, 仓位0.5
2023-03-01 15:20:52,678 - pn_mome_backtest_new.py[line:122] - INFO: 标的因子值相差大于阈值, 进行新交易
2023-03-01 15:20:52,678 - pn_mome_backtest_new.py[line:124] - INFO: 两个标的因子值同正负, 做多因子值大的标的, 做空因子值小的标的
2023-03-01 15:20:52,679 - pn_mome_backtest_new.py[line:130] - INFO: 多IF空IM; IF开仓4121.4, 仓位0.5; IM开仓6607.8, 仓位0.5.
2023-03-01 15:20:52,679 - pn_mome_backtest_new.py[line:162] - INFO: 2023-01-19 00:00:00交易结束, 当天总收益率为0.009530595884920254
2023-03-01 15:20:52,680 - pn_mome_backtest_new.py[line:85] - INFO: ----------------------------------------------
2023-03-01 15:20:52,680 - pn_mome_backtest_new.py[line:86] - INFO: 2023-01-18 00:00:00交易开始
2023-03-01 15:20:52,680 - pn_mome_backtest_new.py[line:72] - INFO: 平仓IF9999, 平仓价格4121.4, 收益率0.0038336487601300976, 仓位0.5
2023-03-01 15:20:52,681 - pn_mome_backtest_new.py[line:72] - INFO: 平仓IM9999, 平仓价格6607.8, 收益率-0.000983685946911226, 仓位0.5
2023-03-01 15:20:52,681 - pn_mome_backtest_new.py[line:122] - INFO: 标的因子值相差大于阈值, 进行新交易
2023-03-01 15:20:52,682 - pn_mome_backtest_new.py[line:124] - INFO: 两个标的因子值同正负, 做多因子值大的标的, 做空因子值小的标的
2023-03-01 15:20:52,682 - pn_mome_backtest_new.py[line:130] - INFO: 多IF空IM; IF开仓4153.0, 仓位0.5; IM开仓6620.8, 仓位0.5.
2023-03-01 15:20:52,682 - pn_mome_backtest_new.py[line:162] - INFO: 2023-01-18 00:00:00交易结束, 当天总收益率为-0.000983685946911226
2023-03-01 15:20:52,683 - pn_mome_backtest_new.py[line:85] - INFO: ----------------------------------------------
2023-03-01 15:20:52,683 - pn_mome_backtest_new.py[line:86] - INFO: 2023-01-17 00:00:00交易开始
2023-03-01 15:20:52,684 - pn_mome_backtest_new.py[line:72] - INFO: 平仓IF9999, 平仓价格4153.0, 收益率-0.00024078979051288225, 仓位0.5
2023-03-01 15:20:52,684 - pn_mome_backtest_new.py[line:72] - INFO: 平仓IM9999, 平仓价格6620.8, 收益率0.0011176897051715941, 仓位0.5
2023-03-01 15:20:52,684 - pn_mome_backtest_new.py[line:122] - INFO: 标的因子值相差大于阈值, 进行新交易
2023-03-01 15:20:52,685 - pn_mome_backtest_new.py[line:124] - INFO: 两个标的因子值同正负, 做多因子值大的标的, 做空因子值小的标的
2023-03-01 15:20:52,685 - pn_mome_backtest_new.py[line:130] - INFO: 多IF空IM; IF开仓4151.0, 仓位0.5; IM开仓6606.0, 仓位0.5.
2023-03-01 15:20:52,686 - pn_mome_backtest_new.py[line:162] - INFO: 2023-01-17 00:00:00交易结束, 当天总收益率为0.0011176897051715941
2023-03-01 15:20:52,686 - pn_mome_backtest_new.py[line:85] - INFO: ----------------------------------------------
2023-03-01 15:20:52,686 - pn_mome_backtest_new.py[line:86] - INFO: 2023-01-16 00:00:00交易开始
2023-03-01 15:20:52,687 - pn_mome_backtest_new.py[line:72] - INFO: 平仓IF9999, 平仓价格4151.0, 收益率-0.00727535533606361, 仓位0.5
2023-03-01 15:20:52,687 - pn_mome_backtest_new.py[line:72] - INFO: 平仓IM9999, 平仓价格6606.0, 收益率0.004995458673932788, 仓位0.5
2023-03-01 15:20:52,688 - pn_mome_backtest_new.py[line:122] - INFO: 标的因子值相差大于阈值, 进行新交易
2023-03-01 15:20:52,688 - pn_mome_backtest_new.py[line:124] - INFO: 两个标的因子值同正负, 做多因子值大的标的, 做空因子值小的标的
2023-03-01 15:20:52,689 - pn_mome_backtest_new.py[line:130] - INFO: 多IF空IM; IF开仓4090.6, 仓位0.5; IM开仓6540.0, 仓位0.5.
2023-03-01 15:20:52,690 - pn_mome_backtest_new.py[line:162] - INFO: 2023-01-16 00:00:00交易结束, 当天总收益率为0.004995458673932788
2023-03-01 15:20:52,690 - pn_mome_backtest_new.py[line:85] - INFO: ----------------------------------------------
2023-03-01 15:20:52,690 - pn_mome_backtest_new.py[line:86] - INFO: 2023-01-13 00:00:00交易开始
2023-03-01 15:20:52,691 - pn_mome_backtest_new.py[line:72] - INFO: 平仓IF9999, 平仓价格4090.6, 收益率-0.00655160612135138, 仓位0.5
2023-03-01 15:20:52,692 - pn_mome_backtest_new.py[line:72] - INFO: 平仓IM9999, 平仓价格6540.0, 收益率0.0023088685015290383, 仓位0.5
2023-03-01 15:20:52,692 - pn_mome_backtest_new.py[line:122] - INFO: 标的因子值相差大于阈值, 进行新交易
2023-03-01 15:20:52,693 - pn_mome_backtest_new.py[line:124] - INFO: 两个标的因子值同正负, 做多因子值大的标的, 做空因子值小的标的
2023-03-01 15:20:52,693 - pn_mome_backtest_new.py[line:130] - INFO: 多IF空IM; IF开仓4037.0, 仓位0.5; IM开仓6509.8, 仓位0.5.
2023-03-01 15:20:52,694 - pn_mome_backtest_new.py[line:162] - INFO: 2023-01-13 00:00:00交易结束, 当天总收益率为0.0023088685015290383
2023-03-01 15:20:52,694 - pn_mome_backtest_new.py[line:85] - INFO: ----------------------------------------------
2023-03-01 15:20:52,694 - pn_mome_backtest_new.py[line:86] - INFO: 2023-01-12 00:00:00交易开始
2023-03-01 15:20:52,695 - pn_mome_backtest_new.py[line:72] - INFO: 平仓IF9999, 平仓价格4037.0, 收益率-0.0009165221699281757, 仓位0.5
2023-03-01 15:20:52,695 - pn_mome_backtest_new.py[line:72] - INFO: 平仓IM9999, 平仓价格6509.8, 收益率0.0007527112968140481, 仓位0.5
2023-03-01 15:20:52,696 - pn_mome_backtest_new.py[line:122] - INFO: 标的因子值相差大于阈值, 进行新交易
2023-03-01 15:20:52,696 - pn_mome_backtest_new.py[line:124] - INFO: 两个标的因子值同正负, 做多因子值大的标的, 做空因子值小的标的
2023-03-01 15:20:52,697 - pn_mome_backtest_new.py[line:130] - INFO: 多IF空IM; IF开仓4029.6, 仓位0.5; IM开仓6500.0, 仓位0.5.
2023-03-01 15:20:52,698 - pn_mome_backtest_new.py[line:162] - INFO: 2023-01-12 00:00:00交易结束, 当天总收益率为0.0007527112968140481
2023-03-01 15:20:52,698 - pn_mome_backtest_new.py[line:85] - INFO: ----------------------------------------------
2023-03-01 15:20:52,698 - pn_mome_backtest_new.py[line:86] - INFO: 2023-01-11 00:00:00交易开始
2023-03-01 15:20:52,699 - pn_mome_backtest_new.py[line:72] - INFO: 平仓IF9999, 平仓价格4029.6, 收益率-0.0009430216398649878, 仓位0.5
2023-03-01 15:20:52,699 - pn_mome_backtest_new.py[line:72] - INFO: 平仓IM9999, 平仓价格6500.0, 收益率-0.003, 仓位0.5
2023-03-01 15:20:52,700 - pn_mome_backtest_new.py[line:122] - INFO: 标的因子值相差大于阈值, 进行新交易
2023-03-01 15:20:52,700 - pn_mome_backtest_new.py[line:156] - INFO: 空IF多IM; IF开仓4022.0, 仓位0.5; IM开仓6539.0, 仓位0.5.
2023-03-01 15:20:52,701 - pn_mome_backtest_new.py[line:162] - INFO: 2023-01-11 00:00:00交易结束, 当天总收益率为-0.003
2023-03-01 15:20:52,701 - pn_mome_backtest_new.py[line:85] - INFO: ----------------------------------------------
2023-03-01 15:20:52,701 - pn_mome_backtest_new.py[line:86] - INFO: 2023-01-10 00:00:00交易开始
2023-03-01 15:20:52,702 - pn_mome_backtest_new.py[line:72] - INFO: 平仓IF9999, 平仓价格4022.0, 收益率0.000994530084535057, 仓位0.5
2023-03-01 15:20:52,703 - pn_mome_backtest_new.py[line:72] - INFO: 平仓IM9999, 平仓价格6539.0, 收益率-0.0009175714941122495, 仓位0.5
2023-03-01 15:20:52,703 - pn_mome_backtest_new.py[line:122] - INFO: 标的因子值相差大于阈值, 进行新交易
2023-03-01 15:20:52,704 - pn_mome_backtest_new.py[line:156] - INFO: 空IF多IM; IF开仓4014.0, 仓位0.5; IM开仓6527.0, 仓位0.5.
2023-03-01 15:20:52,704 - pn_mome_backtest_new.py[line:162] - INFO: 2023-01-10 00:00:00交易结束, 当天总收益率为-0.0009175714941122495
2023-03-01 15:20:52,705 - pn_mome_backtest_new.py[line:85] - INFO: ----------------------------------------------
2023-03-01 15:20:52,705 - pn_mome_backtest_new.py[line:86] - INFO: 2023-01-09 00:00:00交易开始
2023-03-01 15:20:52,707 - pn_mome_backtest_new.py[line:72] - INFO: 平仓IF9999, 平仓价格4014.0, 收益率0.0007473841554559044, 仓位0.5
2023-03-01 15:20:52,708 - pn_mome_backtest_new.py[line:72] - INFO: 平仓IM9999, 平仓价格6527.0, 收益率-0.000674122874214814, 仓位0.5
2023-03-01 15:20:52,709 - pn_mome_backtest_new.py[line:122] - INFO: 标的因子值相差大于阈值, 进行新交易
2023-03-01 15:20:52,710 - pn_mome_backtest_new.py[line:156] - INFO: 空IF多IM; IF开仓4008.0, 仓位0.5; IM开仓6518.2, 仓位0.5.
2023-03-01 15:20:52,711 - pn_mome_backtest_new.py[line:162] - INFO: 2023-01-09 00:00:00交易结束, 当天总收益率为-0.000674122874214814
2023-03-01 15:20:52,711 - pn_mome_backtest_new.py[line:85] - INFO: ----------------------------------------------
2023-03-01 15:20:52,711 - pn_mome_backtest_new.py[line:86] - INFO: 2023-01-06 00:00:00交易开始
2023-03-01 15:20:52,713 - pn_mome_backtest_new.py[line:72] - INFO: 平仓IF9999, 平仓价格4008.0, 收益率0.004091816367265492, 仓位0.5
2023-03-01 15:20:52,713 - pn_mome_backtest_new.py[line:72] - INFO: 平仓IM9999, 平仓价格6518.2, 收益率-0.002377957104722163, 仓位0.5
2023-03-01 15:20:52,714 - pn_mome_backtest_new.py[line:122] - INFO: 标的因子值相差大于阈值, 进行新交易
2023-03-01 15:20:52,715 - pn_mome_backtest_new.py[line:156] - INFO: 空IF多IM; IF开仓3975.2, 仓位0.5; IM开仓6487.2, 仓位0.5.
2023-03-01 15:20:52,716 - pn_mome_backtest_new.py[line:162] - INFO: 2023-01-06 00:00:00交易结束, 当天总收益率为-0.002377957104722163
2023-03-01 15:20:52,716 - pn_mome_backtest_new.py[line:85] - INFO: ----------------------------------------------
2023-03-01 15:20:52,717 - pn_mome_backtest_new.py[line:86] - INFO: 2023-01-05 00:00:00交易开始
2023-03-01 15:20:52,718 - pn_mome_backtest_new.py[line:72] - INFO: 平仓IF9999, 平仓价格3975.2, 收益率0.00646508351781038, 仓位0.5
2023-03-01 15:20:52,718 - pn_mome_backtest_new.py[line:72] - INFO: 平仓IM9999, 平仓价格6487.2, 收益率-0.004115797262301119, 仓位0.5
2023-03-01 15:20:52,718 - pn_mome_backtest_new.py[line:122] - INFO: 标的因子值相差大于阈值, 进行新交易
2023-03-01 15:20:52,719 - pn_mome_backtest_new.py[line:156] - INFO: 空IF多IM; IF开仓3923.8, 仓位0.5; IM开仓6433.8, 仓位0.5.
2023-03-01 15:20:52,720 - pn_mome_backtest_new.py[line:162] - INFO: 2023-01-05 00:00:00交易结束, 当天总收益率为-0.004115797262301119
2023-03-01 15:20:52,721 - pn_mome_backtest_new.py[line:85] - INFO: ----------------------------------------------
2023-03-01 15:20:52,722 - pn_mome_backtest_new.py[line:86] - INFO: 2023-01-04 00:00:00交易开始
2023-03-01 15:20:52,724 - pn_mome_backtest_new.py[line:72] - INFO: 平仓IF9999, 平仓价格3923.8, 收益率0.0033640858351598056, 仓位0.5
2023-03-01 15:20:52,724 - pn_mome_backtest_new.py[line:72] - INFO: 平仓IM9999, 平仓价格6433.8, 收益率-0.0010724610650004803, 仓位0.5
2023-03-01 15:20:52,726 - pn_mome_backtest_new.py[line:122] - INFO: 标的因子值相差大于阈值, 进行新交易
2023-03-01 15:20:52,727 - pn_mome_backtest_new.py[line:156] - INFO: 空IF多IM; IF开仓3897.4, 仓位0.5; IM开仓6420.0, 仓位0.5.
2023-03-01 15:20:52,728 - pn_mome_backtest_new.py[line:162] - INFO: 2023-01-04 00:00:00交易结束, 当天总收益率为-0.0010724610650004803
2023-03-01 15:20:52,728 - pn_mome_backtest_new.py[line:85] - INFO: ----------------------------------------------
2023-03-01 15:20:52,729 - pn_mome_backtest_new.py[line:86] - INFO: 2023-01-03 00:00:00交易开始
2023-03-01 15:20:52,730 - pn_mome_backtest_new.py[line:72] - INFO: 平仓IF9999, 平仓价格3897.4, 收益率0.004669779853235502, 仓位0.5
2023-03-01 15:20:52,731 - pn_mome_backtest_new.py[line:72] - INFO: 平仓IM9999, 平仓价格6420.0, 收益率-0.010903426791277258, 仓位0.5
2023-03-01 15:20:52,732 - pn_mome_backtest_new.py[line:122] - INFO: 标的因子值相差大于阈值, 进行新交易
2023-03-01 15:20:52,733 - pn_mome_backtest_new.py[line:156] - INFO: 空IF多IM; IF开仓3861.0, 仓位0.5; IM开仓6280.0, 仓位0.5.
2023-03-01 15:20:52,733 - pn_mome_backtest_new.py[line:162] - INFO: 2023-01-03 00:00:00交易结束, 当天总收益率为-0.010903426791277258
