2023-03-01 15:17:37,253 - ts_mome_backtest.py[line:71] - INFO: ----------------------------------------------
2023-03-01 15:17:37,254 - ts_mome_backtest.py[line:72] - INFO: 2023-02-27 00:00:00交易开始
2023-03-01 15:17:37,256 - ts_mome_backtest.py[line:81] - INFO: 有标的因子值为nan, 不进行交易
2023-03-01 15:17:37,257 - ts_mome_backtest.py[line:84] - INFO: 2023-02-27 00:00:00交易结束, 当天总收益率为0.0
2023-03-01 15:17:37,257 - ts_mome_backtest.py[line:71] - INFO: ----------------------------------------------
2023-03-01 15:17:37,257 - ts_mome_backtest.py[line:72] - INFO: 2023-02-24 00:00:00交易开始
2023-03-01 15:17:37,258 - ts_mome_backtest.py[line:81] - INFO: 有标的因子值为nan, 不进行交易
2023-03-01 15:17:37,259 - ts_mome_backtest.py[line:84] - INFO: 2023-02-24 00:00:00交易结束, 当天总收益率为0.0
2023-03-01 15:17:37,260 - ts_mome_backtest.py[line:71] - INFO: ----------------------------------------------
2023-03-01 15:17:37,260 - ts_mome_backtest.py[line:72] - INFO: 2023-02-23 00:00:00交易开始
2023-03-01 15:17:37,261 - ts_mome_backtest.py[line:81] - INFO: 有标的因子值为nan, 不进行交易
2023-03-01 15:17:37,262 - ts_mome_backtest.py[line:84] - INFO: 2023-02-23 00:00:00交易结束, 当天总收益率为0.0
2023-03-01 15:17:37,262 - ts_mome_backtest.py[line:71] - INFO: ----------------------------------------------
2023-03-01 15:17:37,262 - ts_mome_backtest.py[line:72] - INFO: 2023-02-22 00:00:00交易开始
2023-03-01 15:17:37,265 - ts_mome_backtest.py[line:115] - INFO: 标的因子值相差大于阈值, 进行新交易
2023-03-01 15:17:37,266 - ts_mome_backtest.py[line:136] - INFO: 多IF空IM; IF开仓4131.0, IF平仓4109.8, 收益率-0.005131929314935807, 仓位0.16190416309747638; IM开仓6916.0, IM平仓6968.0, 收益率-0.007518796992481203, 仓位0.8380958369025236.
2023-03-01 15:17:37,266 - ts_mome_backtest.py[line:146] - INFO: 2023-02-22 00:00:00交易结束, 当天总收益率为-0.007132353178723798
2023-03-01 15:17:37,266 - ts_mome_backtest.py[line:71] - INFO: ----------------------------------------------
2023-03-01 15:17:37,266 - ts_mome_backtest.py[line:72] - INFO: 2023-02-21 00:00:00交易开始
2023-03-01 15:17:37,268 - ts_mome_backtest.py[line:115] - INFO: 标的因子值相差大于阈值, 进行新交易
2023-03-01 15:17:37,269 - ts_mome_backtest.py[line:142] - INFO: 空IF多IM; IF开仓4140.0, IF平仓4149.4, 收益率-0.0022705314009660955, 仓位0.4980998466459465; IM开仓6925.4, IM平仓6935.2, 收益率0.0014150807173593123, 仓位0.5019001533540536.
2023-03-01 15:17:37,269 - ts_mome_backtest.py[line:146] - INFO: 2023-02-21 00:00:00交易结束, 当天总收益率为-0.00042072211357501506
2023-03-01 15:17:37,270 - ts_mome_backtest.py[line:71] - INFO: ----------------------------------------------
2023-03-01 15:17:37,271 - ts_mome_backtest.py[line:72] - INFO: 2023-02-20 00:00:00交易开始
2023-03-01 15:17:37,272 - ts_mome_backtest.py[line:115] - INFO: 标的因子值相差大于阈值, 进行新交易
2023-03-01 15:17:37,274 - ts_mome_backtest.py[line:142] - INFO: 空IF多IM; IF开仓4049.0, IF平仓4146.8, 收益率-0.02415411212645102, 仓位0.7985447122281704; IM开仓6871.0, IM平仓6922.0, 收益率0.007422500363848057, 仓位0.20145528777182967.
2023-03-01 15:17:37,274 - ts_mome_backtest.py[line:146] - INFO: 2023-02-20 00:00:00交易结束, 当天总收益率为-0.017792836570358274
2023-03-01 15:17:37,275 - ts_mome_backtest.py[line:71] - INFO: ----------------------------------------------
2023-03-01 15:17:37,275 - ts_mome_backtest.py[line:72] - INFO: 2023-02-17 00:00:00交易开始
2023-03-01 15:17:37,277 - ts_mome_backtest.py[line:115] - INFO: 标的因子值相差大于阈值, 进行新交易
2023-03-01 15:17:37,277 - ts_mome_backtest.py[line:136] - INFO: 多IF空IM; IF开仓4099.0, IF平仓4034.6, 收益率-0.015711149060746547, 仓位0.11200022786805026; IM开仓6928.0, IM平仓6849.8, 收益率0.011287528868360252, 仓位0.8879997721319497.
2023-03-01 15:17:37,278 - ts_mome_backtest.py[line:146] - INFO: 2023-02-17 00:00:00交易结束, 当天总收益率为0.00826367078816419
2023-03-01 15:17:37,278 - ts_mome_backtest.py[line:71] - INFO: ----------------------------------------------
2023-03-01 15:17:37,278 - ts_mome_backtest.py[line:72] - INFO: 2023-02-16 00:00:00交易开始
2023-03-01 15:17:37,280 - ts_mome_backtest.py[line:115] - INFO: 标的因子值相差大于阈值, 进行新交易
2023-03-01 15:17:37,281 - ts_mome_backtest.py[line:136] - INFO: 多IF空IM; IF开仓4132.8, IF平仓4098.2, 收益率-0.008372048006194436, 仓位0.2842576737840601; IM开仓7039.8, IM平仓6909.2, 收益率0.018551663399528448, 仓位0.7157423262159398.
2023-03-01 15:17:37,282 - ts_mome_backtest.py[line:146] - INFO: 2023-02-16 00:00:00交易结束, 当天总收益率为0.010898391825704293
2023-03-01 15:17:37,282 - ts_mome_backtest.py[line:71] - INFO: ----------------------------------------------
2023-03-01 15:17:37,282 - ts_mome_backtest.py[line:72] - INFO: 2023-02-15 00:00:00交易开始
2023-03-01 15:17:37,284 - ts_mome_backtest.py[line:115] - INFO: 标的因子值相差大于阈值, 进行新交易
2023-03-01 15:17:37,284 - ts_mome_backtest.py[line:136] - INFO: 多IF空IM; IF开仓4154.0, IF平仓4127.4, 收益率-0.006403466538276448, 仓位0.07892706202652203; IM开仓7040.0, IM平仓7030.4, 收益率0.0013636363636364154, 仓位0.921072937973478.
2023-03-01 15:17:37,285 - ts_mome_backtest.py[line:146] - INFO: 2023-02-15 00:00:00交易结束, 当天总收益率为0.0007506017511307595
2023-03-01 15:17:37,285 - ts_mome_backtest.py[line:71] - INFO: ----------------------------------------------
2023-03-01 15:17:37,285 - ts_mome_backtest.py[line:72] - INFO: 2023-02-14 00:00:00交易开始
2023-03-01 15:17:37,287 - ts_mome_backtest.py[line:115] - INFO: 标的因子值相差大于阈值, 进行新交易
2023-03-01 15:17:37,288 - ts_mome_backtest.py[line:142] - INFO: 空IF多IM; IF开仓4149.0, IF平仓4156.8, 收益率-0.0018799710773680844, 仓位0.8071889779105796; IM开仓7035.0, IM平仓7037.8, 收益率0.00039800995024878206, 仓位0.19281102208942033.
2023-03-01 15:17:37,289 - ts_mome_backtest.py[line:146] - INFO: 2023-02-14 00:00:00交易结束, 当天总收益率为-0.0014407512271329681
2023-03-01 15:17:37,289 - ts_mome_backtest.py[line:71] - INFO: ----------------------------------------------
2023-03-01 15:17:37,290 - ts_mome_backtest.py[line:72] - INFO: 2023-02-13 00:00:00交易开始
2023-03-01 15:17:37,292 - ts_mome_backtest.py[line:115] - INFO: 标的因子值相差大于阈值, 进行新交易
2023-03-01 15:17:37,293 - ts_mome_backtest.py[line:136] - INFO: 多IF空IM; IF开仓4096.0, IF平仓4144.0, 收益率0.01171875, 仓位0.8554165967426947; IM开仓6939.0, IM平仓7022.4, 收益率-0.012019022913964495, 仓位0.14458340325730534.
2023-03-01 15:17:37,293 - ts_mome_backtest.py[line:146] - INFO: 2023-02-13 00:00:00交易结束, 当天总收益率为0.008286662006349931
2023-03-01 15:17:37,293 - ts_mome_backtest.py[line:71] - INFO: ----------------------------------------------
2023-03-01 15:17:37,294 - ts_mome_backtest.py[line:72] - INFO: 2023-02-10 00:00:00交易开始
2023-03-01 15:17:37,295 - ts_mome_backtest.py[line:115] - INFO: 标的因子值相差大于阈值, 进行新交易
2023-03-01 15:17:37,296 - ts_mome_backtest.py[line:136] - INFO: 多IF空IM; IF开仓4136.2, IF平仓4114.0, 收益率-0.005367245297616126, 仓位0.18139883769204976; IM开仓7003.4, IM平仓6969.2, 收益率0.0048833423765599305, 仓位0.8186011623079502.
2023-03-01 15:17:37,296 - ts_mome_backtest.py[line:146] - INFO: 2023-02-10 00:00:00交易结束, 当天总收益率为0.003023897686803942
2023-03-01 15:17:37,297 - ts_mome_backtest.py[line:71] - INFO: ----------------------------------------------
2023-03-01 15:17:37,297 - ts_mome_backtest.py[line:72] - INFO: 2023-02-09 00:00:00交易开始
2023-03-01 15:17:37,299 - ts_mome_backtest.py[line:115] - INFO: 标的因子值相差大于阈值, 进行新交易
2023-03-01 15:17:37,299 - ts_mome_backtest.py[line:136] - INFO: 多IF空IM; IF开仓4079.8, IF平仓4142.6, 收益率0.015392911417226379, 仓位0.26839908136568846; IM开仓6848.8, IM平仓7018.6, 收益率-0.024792664408363536, 仓位0.7316009186343114.
2023-03-01 15:17:37,300 - ts_mome_backtest.py[line:146] - INFO: 2023-02-09 00:00:00交易结束, 当天总收益率为-0.014006892772623982
2023-03-01 15:17:37,300 - ts_mome_backtest.py[line:71] - INFO: ----------------------------------------------
2023-03-01 15:17:37,300 - ts_mome_backtest.py[line:72] - INFO: 2023-02-08 00:00:00交易开始
2023-03-01 15:17:37,302 - ts_mome_backtest.py[line:115] - INFO: 标的因子值相差大于阈值, 进行新交易
2023-03-01 15:17:37,303 - ts_mome_backtest.py[line:136] - INFO: 多IF空IM; IF开仓4105.0, IF平仓4086.0, 收益率-0.004628501827040195, 仓位0.4202891502941768; IM开仓6907.2, IM平仓6850.0, 收益率0.008281213805883689, 仓位0.5797108497058232.
2023-03-01 15:17:37,304 - ts_mome_backtest.py[line:146] - INFO: 2023-02-08 00:00:00交易结束, 当天总收益率为0.0028554003919826583
2023-03-01 15:17:37,304 - ts_mome_backtest.py[line:71] - INFO: ----------------------------------------------
2023-03-01 15:17:37,304 - ts_mome_backtest.py[line:72] - INFO: 2023-02-07 00:00:00交易开始
2023-03-01 15:17:37,307 - ts_mome_backtest.py[line:115] - INFO: 标的因子值相差大于阈值, 进行新交易
2023-03-01 15:17:37,308 - ts_mome_backtest.py[line:136] - INFO: 多IF空IM; IF开仓4108.0, IF平仓4099.0, 收益率-0.0021908471275559884, 仓位0.3714135574080569; IM开仓6900.2, IM平仓6899.2, 收益率0.00014492333555549114, 仓位0.628586442591943.
2023-03-01 15:17:37,308 - ts_mome_backtest.py[line:146] - INFO: 2023-02-07 00:00:00交易结束, 当天总收益率为-0.000722613481437408
2023-03-01 15:17:37,308 - ts_mome_backtest.py[line:71] - INFO: ----------------------------------------------
2023-03-01 15:17:37,309 - ts_mome_backtest.py[line:72] - INFO: 2023-02-06 00:00:00交易开始
2023-03-01 15:17:37,310 - ts_mome_backtest.py[line:115] - INFO: 标的因子值相差大于阈值, 进行新交易
2023-03-01 15:17:37,311 - ts_mome_backtest.py[line:136] - INFO: 多IF空IM; IF开仓4105.4, IF平仓4088.0, 收益率-0.004238320261119413, 仓位0.5559725695108925; IM开仓6873.8, IM平仓6889.2, 收益率-0.002240391050074142, 仓位0.44402743048910753.
2023-03-01 15:17:37,311 - ts_mome_backtest.py[line:146] - INFO: 2023-02-06 00:00:00交易结束, 当天总收益率为-0.003351184887239851
2023-03-01 15:17:37,312 - ts_mome_backtest.py[line:71] - INFO: ----------------------------------------------
2023-03-01 15:17:37,312 - ts_mome_backtest.py[line:72] - INFO: 2023-02-03 00:00:00交易开始
2023-03-01 15:17:37,314 - ts_mome_backtest.py[line:115] - INFO: 标的因子值相差大于阈值, 进行新交易
2023-03-01 15:17:37,315 - ts_mome_backtest.py[line:142] - INFO: 空IF多IM; IF开仓4161.4, IF平仓4146.8, 收益率0.003508434661411894, 仓位0.6034875219648955; IM开仓6922.2, IM平仓6911.6, 收益率-0.0015313050764207124, 仓位0.3965124780351044.
2023-03-01 15:17:37,315 - ts_mome_backtest.py[line:146] - INFO: 2023-02-03 00:00:00交易结束, 当天总收益率为0.0015101149693118995
2023-03-01 15:17:37,315 - ts_mome_backtest.py[line:71] - INFO: ----------------------------------------------
2023-03-01 15:17:37,315 - ts_mome_backtest.py[line:72] - INFO: 2023-02-02 00:00:00交易开始
2023-03-01 15:17:37,317 - ts_mome_backtest.py[line:115] - INFO: 标的因子值相差大于阈值, 进行新交易
2023-03-01 15:17:37,318 - ts_mome_backtest.py[line:136] - INFO: 多IF空IM; IF开仓4217.6, IF平仓4191.8, 收益率-0.006117223065250422, 仓位0.8595104132734328; IM开仓6940.0, IM平仓6930.0, 收益率0.001440922190201729, 仓位0.1404895867265673.
2023-03-01 15:17:37,318 - ts_mome_backtest.py[line:146] - INFO: 2023-02-02 00:00:00交易结束, 当天总收益率为-0.005055382361892584
2023-03-01 15:17:37,319 - ts_mome_backtest.py[line:71] - INFO: ----------------------------------------------
2023-03-01 15:17:37,319 - ts_mome_backtest.py[line:72] - INFO: 2023-02-01 00:00:00交易开始
2023-03-01 15:17:37,321 - ts_mome_backtest.py[line:115] - INFO: 标的因子值相差大于阈值, 进行新交易
2023-03-01 15:17:37,322 - ts_mome_backtest.py[line:136] - INFO: 多IF空IM; IF开仓4198.0, IF平仓4209.0, 收益率0.0026202953787517864, 仓位0.7935811550685781; IM开仓6838.8, IM平仓6924.0, 收益率-0.012458326022109115, 仓位0.20641884493142182.
2023-03-01 15:17:37,323 - ts_mome_backtest.py[line:146] - INFO: 2023-02-01 00:00:00交易结束, 当天总收益率为-0.0004922162339721392
2023-03-01 15:17:37,323 - ts_mome_backtest.py[line:71] - INFO: ----------------------------------------------
2023-03-01 15:17:37,324 - ts_mome_backtest.py[line:72] - INFO: 2023-01-31 00:00:00交易开始
2023-03-01 15:17:37,325 - ts_mome_backtest.py[line:115] - INFO: 标的因子值相差大于阈值, 进行新交易
2023-03-01 15:17:37,326 - ts_mome_backtest.py[line:136] - INFO: 多IF空IM; IF开仓4221.2, IF平仓4180.8, 收益率-0.009570738178716866, 仓位0.16345467463368782; IM开仓6792.2, IM平仓6828.8, 收益率-0.005388533906539908, 仓位0.8365453253663122.
2023-03-01 15:17:37,326 - ts_mome_backtest.py[line:146] - INFO: 2023-01-31 00:00:00交易结束, 当天总收益率为-0.006072134745100212
2023-03-01 15:17:37,327 - ts_mome_backtest.py[line:71] - INFO: ----------------------------------------------
2023-03-01 15:17:37,327 - ts_mome_backtest.py[line:72] - INFO: 2023-01-30 00:00:00交易开始
2023-03-01 15:17:37,328 - ts_mome_backtest.py[line:115] - INFO: 标的因子值相差大于阈值, 进行新交易
2023-03-01 15:17:37,330 - ts_mome_backtest.py[line:136] - INFO: 多IF空IM; IF开仓4280.0, IF平仓4208.0, 收益率-0.016822429906542057, 仓位0.121066135136174; IM开仓6881.2, IM平仓6792.8, 收益率0.012846596523862065, 仓位0.878933864863826.
2023-03-01 15:17:37,330 - ts_mome_backtest.py[line:146] - INFO: 2023-01-30 00:00:00交易结束, 当天总收益率为0.00925468216068004
2023-03-01 15:17:37,330 - ts_mome_backtest.py[line:71] - INFO: ----------------------------------------------
2023-03-01 15:17:37,330 - ts_mome_backtest.py[line:72] - INFO: 2023-01-20 00:00:00交易开始
2023-03-01 15:17:37,332 - ts_mome_backtest.py[line:115] - INFO: 标的因子值相差大于阈值, 进行新交易
2023-03-01 15:17:37,333 - ts_mome_backtest.py[line:136] - INFO: 多IF空IM; IF开仓4191.8, IF平仓4192.4, 收益率0.00014313660002849714, 仓位0.050510187486928766; IM开仓6736.2, IM平仓6777.6, 收益率-0.006145898280929983, 仓位0.9494898125130712.
2023-03-01 15:17:37,334 - ts_mome_backtest.py[line:146] - INFO: 2023-01-20 00:00:00交易结束, 当天总收益率为-0.005828237949980935
2023-03-01 15:17:37,334 - ts_mome_backtest.py[line:71] - INFO: ----------------------------------------------
2023-03-01 15:17:37,334 - ts_mome_backtest.py[line:72] - INFO: 2023-01-19 00:00:00交易开始
2023-03-01 15:17:37,336 - ts_mome_backtest.py[line:115] - INFO: 标的因子值相差大于阈值, 进行新交易
2023-03-01 15:17:37,337 - ts_mome_backtest.py[line:136] - INFO: 多IF空IM; IF开仓4121.4, IF平仓4158.0, 收益率0.008880477507643123, 仓位0.0007396106156483027; IM开仓6607.8, IM平仓6687.4, 收益率-0.012046369442174317, 仓位0.9992603893843516.
2023-03-01 15:17:37,337 - ts_mome_backtest.py[line:146] - INFO: 2023-01-19 00:00:00交易结束, 当天总收益率为-0.012030891724018182
2023-03-01 15:17:37,338 - ts_mome_backtest.py[line:71] - INFO: ----------------------------------------------
2023-03-01 15:17:37,338 - ts_mome_backtest.py[line:72] - INFO: 2023-01-18 00:00:00交易开始
2023-03-01 15:17:37,341 - ts_mome_backtest.py[line:115] - INFO: 标的因子值相差大于阈值, 进行新交易
2023-03-01 15:17:37,342 - ts_mome_backtest.py[line:136] - INFO: 多IF空IM; IF开仓4153.0, IF平仓4133.4, 收益率-0.00471947989405258, 仓位0.554336641499761; IM开仓6620.8, IM平仓6621.2, 收益率-6.04156597389494e-05, 仓位0.44566335850023897.
2023-03-01 15:17:37,342 - ts_mome_backtest.py[line:146] - INFO: 2023-01-18 00:00:00交易结束, 当天总收益率为-0.002643105679920023
2023-03-01 15:17:37,342 - ts_mome_backtest.py[line:71] - INFO: ----------------------------------------------
2023-03-01 15:17:37,343 - ts_mome_backtest.py[line:72] - INFO: 2023-01-17 00:00:00交易开始
2023-03-01 15:17:37,345 - ts_mome_backtest.py[line:115] - INFO: 标的因子值相差大于阈值, 进行新交易
2023-03-01 15:17:37,346 - ts_mome_backtest.py[line:142] - INFO: 空IF多IM; IF开仓4151.0, IF平仓4147.0, 收益率0.000963623223319682, 仓位0.28382035503140896; IM开仓6606.0, IM平仓6608.2, 收益率0.0003330305782621584, 仓位0.716179644968591.
2023-03-01 15:17:37,347 - ts_mome_backtest.py[line:146] - INFO: 2023-01-17 00:00:00交易结束, 当天总收益率为0.0005120056066625799
2023-03-01 15:17:37,347 - ts_mome_backtest.py[line:71] - INFO: ----------------------------------------------
2023-03-01 15:17:37,347 - ts_mome_backtest.py[line:72] - INFO: 2023-01-16 00:00:00交易开始
2023-03-01 15:17:37,349 - ts_mome_backtest.py[line:115] - INFO: 标的因子值相差大于阈值, 进行新交易
2023-03-01 15:17:37,350 - ts_mome_backtest.py[line:136] - INFO: 多IF空IM; IF开仓4090.6, IF平仓4149.6, 收益率0.014423311983572204, 仓位0.2927426950932426; IM开仓6540.0, IM平仓6597.4, 收益率-0.008776758409785878, 仓位0.7072573049067575.
2023-03-01 15:17:37,351 - ts_mome_backtest.py[line:146] - INFO: 2023-01-16 00:00:00交易结束, 当天总收益率为-0.00198510727648129
2023-03-01 15:17:37,351 - ts_mome_backtest.py[line:71] - INFO: ----------------------------------------------
2023-03-01 15:17:37,351 - ts_mome_backtest.py[line:72] - INFO: 2023-01-13 00:00:00交易开始
2023-03-01 15:17:37,353 - ts_mome_backtest.py[line:115] - INFO: 标的因子值相差大于阈值, 进行新交易
2023-03-01 15:17:37,354 - ts_mome_backtest.py[line:136] - INFO: 多IF空IM; IF开仓4037.0, IF平仓4090.8, 收益率0.013326727768144708, 仓位0.2494550866360497; IM开仓6509.8, IM平仓6542.4, 收益率-0.005007834342068797, 仓位0.7505449133639504.
2023-03-01 15:17:37,355 - ts_mome_backtest.py[line:146] - INFO: 2023-01-13 00:00:00交易结束, 当天总收益率为-0.0004341845624314532
2023-03-01 15:17:37,355 - ts_mome_backtest.py[line:71] - INFO: ----------------------------------------------
2023-03-01 15:17:37,356 - ts_mome_backtest.py[line:72] - INFO: 2023-01-12 00:00:00交易开始
2023-03-01 15:17:37,357 - ts_mome_backtest.py[line:115] - INFO: 标的因子值相差大于阈值, 进行新交易
2023-03-01 15:17:37,358 - ts_mome_backtest.py[line:136] - INFO: 多IF空IM; IF开仓4029.6, IF平仓4024.6, 收益率-0.0012408179471907882, 仓位0.40404940235145154; IM开仓6500.0, IM平仓6492.0, 收益率0.0012307692307692308, 仓位0.5959505976485484.
2023-03-01 15:17:37,359 - ts_mome_backtest.py[line:146] - INFO: 2023-01-12 00:00:00交易结束, 当天总收益率为0.00023212590865497441
2023-03-01 15:17:37,359 - ts_mome_backtest.py[line:71] - INFO: ----------------------------------------------
2023-03-01 15:17:37,359 - ts_mome_backtest.py[line:72] - INFO: 2023-01-11 00:00:00交易开始
2023-03-01 15:17:37,361 - ts_mome_backtest.py[line:115] - INFO: 标的因子值相差大于阈值, 进行新交易
2023-03-01 15:17:37,361 - ts_mome_backtest.py[line:136] - INFO: 多IF空IM; IF开仓4022.0, IF平仓4017.2, 收益率-0.0011934361014421138, 仓位0.5226046690917252; IM开仓6539.0, IM平仓6494.4, 收益率0.006820614772901111, 仓位0.47739533090827485.
2023-03-01 15:17:37,362 - ts_mome_backtest.py[line:146] - INFO: 2023-01-11 00:00:00交易结束, 当天总收益率为0.002632434367630719
2023-03-01 15:17:37,362 - ts_mome_backtest.py[line:71] - INFO: ----------------------------------------------
2023-03-01 15:17:37,362 - ts_mome_backtest.py[line:72] - INFO: 2023-01-10 00:00:00交易开始
2023-03-01 15:17:37,364 - ts_mome_backtest.py[line:115] - INFO: 标的因子值相差大于阈值, 进行新交易
2023-03-01 15:17:37,364 - ts_mome_backtest.py[line:142] - INFO: 空IF多IM; IF开仓4014.0, IF平仓4018.0, 收益率-0.000996512207274539, 仓位0.7072787408468312; IM开仓6527.0, IM平仓6532.2, 收益率0.0007966906695265541, 仓位0.2927212591531688.
2023-03-01 15:17:37,365 - ts_mome_backtest.py[line:146] - INFO: 2023-01-10 00:00:00交易结束, 当天总收益率为-0.00047160360326023844
2023-03-01 15:17:37,365 - ts_mome_backtest.py[line:71] - INFO: ----------------------------------------------
2023-03-01 15:17:37,365 - ts_mome_backtest.py[line:72] - INFO: 2023-01-09 00:00:00交易开始
2023-03-01 15:17:37,367 - ts_mome_backtest.py[line:115] - INFO: 标的因子值相差大于阈值, 进行新交易
2023-03-01 15:17:37,367 - ts_mome_backtest.py[line:142] - INFO: 空IF多IM; IF开仓4008.0, IF平仓4011.6, 收益率-0.0008982035928143486, 仓位0.5156772847584137; IM开仓6518.2, IM平仓6518.2, 收益率0.0, 仓位0.4843227152415863.
2023-03-01 15:17:37,368 - ts_mome_backtest.py[line:146] - INFO: 2023-01-09 00:00:00交易结束, 当天总收益率为-0.0004631831899027551
2023-03-01 15:17:37,368 - ts_mome_backtest.py[line:71] - INFO: ----------------------------------------------
2023-03-01 15:17:37,368 - ts_mome_backtest.py[line:72] - INFO: 2023-01-06 00:00:00交易开始
2023-03-01 15:17:37,371 - ts_mome_backtest.py[line:115] - INFO: 标的因子值相差大于阈值, 进行新交易
2023-03-01 15:17:37,372 - ts_mome_backtest.py[line:142] - INFO: 空IF多IM; IF开仓3975.2, IF平仓3990.8, 收益率-0.003924330851278014, 仓位0.8645307798881934; IM开仓6487.2, IM平仓6505.2, 收益率0.002774694783573807, 仓位0.13546922011180657.
2023-03-01 15:17:37,373 - ts_mome_backtest.py[line:146] - INFO: 2023-01-06 00:00:00交易结束, 当天总收益率为-0.0030168190730156383
2023-03-01 15:17:37,373 - ts_mome_backtest.py[line:71] - INFO: ----------------------------------------------
2023-03-01 15:17:37,373 - ts_mome_backtest.py[line:72] - INFO: 2023-01-05 00:00:00交易开始
2023-03-01 15:17:37,375 - ts_mome_backtest.py[line:115] - INFO: 标的因子值相差大于阈值, 进行新交易
2023-03-01 15:17:37,376 - ts_mome_backtest.py[line:142] - INFO: 空IF多IM; IF开仓3923.8, IF平仓3974.4, 收益率-0.01289566236811252, 仓位0.3982795035078904; IM开仓6433.8, IM平仓6490.4, 收益率0.008797289315800842, 仓位0.6017204964921097.
2023-03-01 15:17:37,377 - ts_mome_backtest.py[line:146] - INFO: 2023-01-05 00:00:00交易结束, 当天总收益率为0.00015743128951117413
2023-03-01 15:17:37,377 - ts_mome_backtest.py[line:71] - INFO: ----------------------------------------------
2023-03-01 15:17:37,377 - ts_mome_backtest.py[line:72] - INFO: 2023-01-04 00:00:00交易开始
2023-03-01 15:17:37,379 - ts_mome_backtest.py[line:115] - INFO: 标的因子值相差大于阈值, 进行新交易
2023-03-01 15:17:37,380 - ts_mome_backtest.py[line:136] - INFO: 多IF空IM; IF开仓3897.4, IF平仓3898.0, 收益率0.00015394878637037745, 仓位0.2730933530234081; IM开仓6420.0, IM平仓6414.4, 收益率0.0008722741433022374, 仓位0.7269066469765918.
2023-03-01 15:17:37,381 - ts_mome_backtest.py[line:146] - INFO: 2023-01-04 00:00:00交易结束, 当天总收益率为0.0006761042630159792
2023-03-01 15:17:37,381 - ts_mome_backtest.py[line:71] - INFO: ----------------------------------------------
2023-03-01 15:17:37,381 - ts_mome_backtest.py[line:72] - INFO: 2023-01-03 00:00:00交易开始
2023-03-01 15:17:37,383 - ts_mome_backtest.py[line:115] - INFO: 标的因子值相差大于阈值, 进行新交易
2023-03-01 15:17:37,384 - ts_mome_backtest.py[line:136] - INFO: 多IF空IM; IF开仓3861.0, IF平仓3894.2, 收益率0.008598808598808553, 仓位0.37139158148130974; IM开仓6280.0, IM平仓6420.0, 收益率-0.022292993630573247, 仓位0.6286084185186902.
2023-03-01 15:17:37,384 - ts_mome_backtest.py[line:146] - INFO: 2023-01-03 00:00:00交易结束, 当天总收益率为-0.010820038345795289
