2023-03-01 15:20:00,983 - ts_mome_backtest_new.py[line:83] - INFO: ----------------------------------------------
2023-03-01 15:20:00,984 - ts_mome_backtest_new.py[line:84] - INFO: 2023-02-27 00:00:00交易开始
2023-03-01 15:20:00,985 - ts_mome_backtest_new.py[line:95] - INFO: 有标的因子值为nan, 不进行交易
2023-03-01 15:20:00,986 - ts_mome_backtest_new.py[line:97] - INFO: 2023-02-27 00:00:00交易结束, 当天总收益率为0.0
2023-03-01 15:20:00,986 - ts_mome_backtest_new.py[line:83] - INFO: ----------------------------------------------
2023-03-01 15:20:00,986 - ts_mome_backtest_new.py[line:84] - INFO: 2023-02-24 00:00:00交易开始
2023-03-01 15:20:00,987 - ts_mome_backtest_new.py[line:95] - INFO: 有标的因子值为nan, 不进行交易
2023-03-01 15:20:00,988 - ts_mome_backtest_new.py[line:97] - INFO: 2023-02-24 00:00:00交易结束, 当天总收益率为0.0
2023-03-01 15:20:00,988 - ts_mome_backtest_new.py[line:83] - INFO: ----------------------------------------------
2023-03-01 15:20:00,988 - ts_mome_backtest_new.py[line:84] - INFO: 2023-02-23 00:00:00交易开始
2023-03-01 15:20:00,990 - ts_mome_backtest_new.py[line:95] - INFO: 有标的因子值为nan, 不进行交易
2023-03-01 15:20:00,990 - ts_mome_backtest_new.py[line:97] - INFO: 2023-02-23 00:00:00交易结束, 当天总收益率为0.0
2023-03-01 15:20:00,991 - ts_mome_backtest_new.py[line:83] - INFO: ----------------------------------------------
2023-03-01 15:20:00,991 - ts_mome_backtest_new.py[line:84] - INFO: 2023-02-22 00:00:00交易开始
2023-03-01 15:20:00,992 - ts_mome_backtest_new.py[line:134] - INFO: 标的因子值相差大于阈值, 进行新交易
2023-03-01 15:20:00,993 - ts_mome_backtest_new.py[line:159] - INFO: 多IF空IM; IF开仓4131.0, 仓位0.16190416309747638; IM开仓6916.0, 仓位0.8380958369025236.
2023-03-01 15:20:00,994 - ts_mome_backtest_new.py[line:173] - INFO: 2023-02-22 00:00:00交易结束, 当天总收益率为0.0
2023-03-01 15:20:00,994 - ts_mome_backtest_new.py[line:83] - INFO: ----------------------------------------------
2023-03-01 15:20:00,995 - ts_mome_backtest_new.py[line:84] - INFO: 2023-02-21 00:00:00交易开始
2023-03-01 15:20:00,996 - ts_mome_backtest_new.py[line:70] - INFO: 平仓IF9999, 平仓价格4131.0, 收益率0.0003527323814759834, 仓位0.16190416309747638
2023-03-01 15:20:00,996 - ts_mome_backtest_new.py[line:70] - INFO: 平仓IM9999, 平仓价格6916.0, 收益率-0.0011391123289305116, 仓位0.8380958369025236
2023-03-01 15:20:00,997 - ts_mome_backtest_new.py[line:134] - INFO: 标的因子值相差大于阈值, 进行新交易
2023-03-01 15:20:00,997 - ts_mome_backtest_new.py[line:70] - INFO: 平仓IF9999, 平仓价格4131.0, 收益率0.0003527323814759834, 仓位0.16190416309747638
2023-03-01 15:20:00,997 - ts_mome_backtest_new.py[line:70] - INFO: 平仓IM9999, 平仓价格6916.0, 收益率-0.0011391123289305116, 仓位0.8380958369025236
2023-03-01 15:20:00,998 - ts_mome_backtest_new.py[line:167] - INFO: 空IF多IM; IF开仓4140.0, 仓位0.4980998466459465; IM开仓6925.4, 仓位0.5019001533540536.
2023-03-01 15:20:00,999 - ts_mome_backtest_new.py[line:173] - INFO: 2023-02-21 00:00:00交易结束, 当天总收益率为-0.0011391123289305116
2023-03-01 15:20:00,999 - ts_mome_backtest_new.py[line:83] - INFO: ----------------------------------------------
2023-03-01 15:20:00,999 - ts_mome_backtest_new.py[line:84] - INFO: 2023-02-20 00:00:00交易开始
2023-03-01 15:20:01,000 - ts_mome_backtest_new.py[line:70] - INFO: 平仓IF9999, 平仓价格4140.0, 收益率0.010948571508401238, 仓位0.4980998466459465
2023-03-01 15:20:01,001 - ts_mome_backtest_new.py[line:70] - INFO: 平仓IM9999, 平仓价格6925.4, 收益率-0.003942496944936081, 仓位0.5019001533540536
2023-03-01 15:20:01,001 - ts_mome_backtest_new.py[line:134] - INFO: 标的因子值相差大于阈值, 进行新交易
2023-03-01 15:20:01,002 - ts_mome_backtest_new.py[line:70] - INFO: 平仓IF9999, 平仓价格4140.0, 收益率0.010948571508401238, 仓位0.4980998466459465
2023-03-01 15:20:01,002 - ts_mome_backtest_new.py[line:70] - INFO: 平仓IM9999, 平仓价格6925.4, 收益率-0.003942496944936081, 仓位0.5019001533540536
2023-03-01 15:20:01,003 - ts_mome_backtest_new.py[line:167] - INFO: 空IF多IM; IF开仓4049.0, 仓位0.7985447122281704; IM开仓6871.0, 仓位0.20145528777182967.
2023-03-01 15:20:01,003 - ts_mome_backtest_new.py[line:173] - INFO: 2023-02-20 00:00:00交易结束, 当天总收益率为-0.003942496944936081
2023-03-01 15:20:01,003 - ts_mome_backtest_new.py[line:83] - INFO: ----------------------------------------------
2023-03-01 15:20:01,003 - ts_mome_backtest_new.py[line:84] - INFO: 2023-02-17 00:00:00交易开始
2023-03-01 15:20:01,004 - ts_mome_backtest_new.py[line:70] - INFO: 平仓IF9999, 平仓价格4049.0, 收益率-0.009861011511832185, 仓位0.7985447122281704
2023-03-01 15:20:01,005 - ts_mome_backtest_new.py[line:70] - INFO: 平仓IM9999, 平仓价格6871.0, 收益率0.001671219822877935, 仓位0.20145528777182967
2023-03-01 15:20:01,005 - ts_mome_backtest_new.py[line:134] - INFO: 标的因子值相差大于阈值, 进行新交易
2023-03-01 15:20:01,006 - ts_mome_backtest_new.py[line:70] - INFO: 平仓IF9999, 平仓价格4049.0, 收益率-0.009861011511832185, 仓位0.7985447122281704
2023-03-01 15:20:01,006 - ts_mome_backtest_new.py[line:70] - INFO: 平仓IM9999, 平仓价格6871.0, 收益率0.001671219822877935, 仓位0.20145528777182967
2023-03-01 15:20:01,007 - ts_mome_backtest_new.py[line:159] - INFO: 多IF空IM; IF开仓4099.0, 仓位0.11200022786805026; IM开仓6928.0, 仓位0.8879997721319497.
2023-03-01 15:20:01,008 - ts_mome_backtest_new.py[line:173] - INFO: 2023-02-17 00:00:00交易结束, 当天总收益率为0.001671219822877935
2023-03-01 15:20:01,008 - ts_mome_backtest_new.py[line:83] - INFO: ----------------------------------------------
2023-03-01 15:20:01,009 - ts_mome_backtest_new.py[line:84] - INFO: 2023-02-16 00:00:00交易开始
2023-03-01 15:20:01,010 - ts_mome_backtest_new.py[line:70] - INFO: 平仓IF9999, 平仓价格4099.0, 收益率0.0009235442063771942, 仓位0.11200022786805026
2023-03-01 15:20:01,010 - ts_mome_backtest_new.py[line:70] - INFO: 平仓IM9999, 平仓价格6928.0, 收益率-0.014330019417487317, 仓位0.8879997721319497
2023-03-01 15:20:01,011 - ts_mome_backtest_new.py[line:134] - INFO: 标的因子值相差大于阈值, 进行新交易
2023-03-01 15:20:01,011 - ts_mome_backtest_new.py[line:70] - INFO: 平仓IF9999, 平仓价格4099.0, 收益率0.0009235442063771942, 仓位0.11200022786805026
2023-03-01 15:20:01,012 - ts_mome_backtest_new.py[line:70] - INFO: 平仓IM9999, 平仓价格6928.0, 收益率-0.014330019417487317, 仓位0.8879997721319497
2023-03-01 15:20:01,012 - ts_mome_backtest_new.py[line:159] - INFO: 多IF空IM; IF开仓4132.8, 仓位0.2842576737840601; IM开仓7039.8, 仓位0.7157423262159398.
2023-03-01 15:20:01,013 - ts_mome_backtest_new.py[line:173] - INFO: 2023-02-16 00:00:00交易结束, 当天总收益率为-0.014330019417487317
2023-03-01 15:20:01,013 - ts_mome_backtest_new.py[line:83] - INFO: ----------------------------------------------
2023-03-01 15:20:01,013 - ts_mome_backtest_new.py[line:84] - INFO: 2023-02-15 00:00:00交易开始
2023-03-01 15:20:01,014 - ts_mome_backtest_new.py[line:70] - INFO: 平仓IF9999, 平仓价格4132.8, 收益率0.0014581549274637101, 仓位0.2842576737840601
2023-03-01 15:20:01,015 - ts_mome_backtest_new.py[line:70] - INFO: 平仓IM9999, 平仓价格7039.8, 收益率-2.0334166488118663e-05, 仓位0.7157423262159398
2023-03-01 15:20:01,015 - ts_mome_backtest_new.py[line:134] - INFO: 标的因子值相差大于阈值, 进行新交易
2023-03-01 15:20:01,016 - ts_mome_backtest_new.py[line:70] - INFO: 平仓IF9999, 平仓价格4132.8, 收益率0.0014581549274637101, 仓位0.2842576737840601
2023-03-01 15:20:01,016 - ts_mome_backtest_new.py[line:70] - INFO: 平仓IM9999, 平仓价格7039.8, 收益率-2.0334166488118663e-05, 仓位0.7157423262159398
2023-03-01 15:20:01,016 - ts_mome_backtest_new.py[line:159] - INFO: 多IF空IM; IF开仓4154.0, 仓位0.07892706202652203; IM开仓7040.0, 仓位0.921072937973478.
2023-03-01 15:20:01,017 - ts_mome_backtest_new.py[line:173] - INFO: 2023-02-15 00:00:00交易结束, 当天总收益率为-2.0334166488118663e-05
2023-03-01 15:20:01,017 - ts_mome_backtest_new.py[line:83] - INFO: ----------------------------------------------
2023-03-01 15:20:01,017 - ts_mome_backtest_new.py[line:84] - INFO: 2023-02-14 00:00:00交易开始
2023-03-01 15:20:01,018 - ts_mome_backtest_new.py[line:70] - INFO: 平仓IF9999, 平仓价格4154.0, 收益率-9.500127831791289e-05, 仓位0.07892706202652203
2023-03-01 15:20:01,018 - ts_mome_backtest_new.py[line:70] - INFO: 平仓IM9999, 平仓价格7040.0, 收益率0.0006541711207197998, 仓位0.921072937973478
2023-03-01 15:20:01,019 - ts_mome_backtest_new.py[line:134] - INFO: 标的因子值相差大于阈值, 进行新交易
2023-03-01 15:20:01,019 - ts_mome_backtest_new.py[line:70] - INFO: 平仓IF9999, 平仓价格4154.0, 收益率-9.500127831791289e-05, 仓位0.07892706202652203
2023-03-01 15:20:01,019 - ts_mome_backtest_new.py[line:70] - INFO: 平仓IM9999, 平仓价格7040.0, 收益率0.0006541711207197998, 仓位0.921072937973478
2023-03-01 15:20:01,020 - ts_mome_backtest_new.py[line:167] - INFO: 空IF多IM; IF开仓4149.0, 仓位0.8071889779105796; IM开仓7035.0, 仓位0.19281102208942033.
2023-03-01 15:20:01,020 - ts_mome_backtest_new.py[line:173] - INFO: 2023-02-14 00:00:00交易结束, 当天总收益率为0.0006541711207197998
2023-03-01 15:20:01,021 - ts_mome_backtest_new.py[line:83] - INFO: ----------------------------------------------
2023-03-01 15:20:01,021 - ts_mome_backtest_new.py[line:84] - INFO: 2023-02-13 00:00:00交易开始
2023-03-01 15:20:01,022 - ts_mome_backtest_new.py[line:70] - INFO: 平仓IF9999, 平仓价格4149.0, 收益率0.010311163130696728, 仓位0.8071889779105796
2023-03-01 15:20:01,023 - ts_mome_backtest_new.py[line:70] - INFO: 平仓IM9999, 平仓价格7035.0, 收益率-0.0026311098963161836, 仓位0.19281102208942033
2023-03-01 15:20:01,023 - ts_mome_backtest_new.py[line:134] - INFO: 标的因子值相差大于阈值, 进行新交易
2023-03-01 15:20:01,024 - ts_mome_backtest_new.py[line:70] - INFO: 平仓IF9999, 平仓价格4149.0, 收益率0.010311163130696728, 仓位0.8071889779105796
2023-03-01 15:20:01,024 - ts_mome_backtest_new.py[line:70] - INFO: 平仓IM9999, 平仓价格7035.0, 收益率-0.0026311098963161836, 仓位0.19281102208942033
2023-03-01 15:20:01,025 - ts_mome_backtest_new.py[line:159] - INFO: 多IF空IM; IF开仓4096.0, 仓位0.8554165967426947; IM开仓6939.0, 仓位0.14458340325730534.
2023-03-01 15:20:01,027 - ts_mome_backtest_new.py[line:173] - INFO: 2023-02-13 00:00:00交易结束, 当天总收益率为-0.0026311098963161836
2023-03-01 15:20:01,027 - ts_mome_backtest_new.py[line:83] - INFO: ----------------------------------------------
2023-03-01 15:20:01,027 - ts_mome_backtest_new.py[line:84] - INFO: 2023-02-10 00:00:00交易开始
2023-03-01 15:20:01,028 - ts_mome_backtest_new.py[line:70] - INFO: 平仓IF9999, 平仓价格4096.0, 收益率0.008395446091078167, 仓位0.8554165967426947
2023-03-01 15:20:01,028 - ts_mome_backtest_new.py[line:70] - INFO: 平仓IM9999, 平仓价格6939.0, 收益率-0.0013418606672100319, 仓位0.14458340325730534
2023-03-01 15:20:01,029 - ts_mome_backtest_new.py[line:134] - INFO: 标的因子值相差大于阈值, 进行新交易
2023-03-01 15:20:01,030 - ts_mome_backtest_new.py[line:70] - INFO: 平仓IF9999, 平仓价格4096.0, 收益率0.008395446091078167, 仓位0.8554165967426947
2023-03-01 15:20:01,030 - ts_mome_backtest_new.py[line:70] - INFO: 平仓IM9999, 平仓价格6939.0, 收益率-0.0013418606672100319, 仓位0.14458340325730534
2023-03-01 15:20:01,031 - ts_mome_backtest_new.py[line:159] - INFO: 多IF空IM; IF开仓4136.2, 仓位0.18139883769204976; IM开仓7003.4, 仓位0.8186011623079502.
2023-03-01 15:20:01,031 - ts_mome_backtest_new.py[line:173] - INFO: 2023-02-10 00:00:00交易结束, 当天总收益率为-0.0013418606672100319
2023-03-01 15:20:01,032 - ts_mome_backtest_new.py[line:83] - INFO: ----------------------------------------------
2023-03-01 15:20:01,032 - ts_mome_backtest_new.py[line:84] - INFO: 2023-02-09 00:00:00交易开始
2023-03-01 15:20:01,033 - ts_mome_backtest_new.py[line:70] - INFO: 平仓IF9999, 平仓价格4136.2, 收益率-0.002473500905621474, 仓位0.18139883769204976
2023-03-01 15:20:01,033 - ts_mome_backtest_new.py[line:70] - INFO: 平仓IM9999, 平仓价格7003.4, 收益率0.018070614229204196, 仓位0.8186011623079502
2023-03-01 15:20:01,034 - ts_mome_backtest_new.py[line:134] - INFO: 标的因子值相差大于阈值, 进行新交易
2023-03-01 15:20:01,034 - ts_mome_backtest_new.py[line:70] - INFO: 平仓IF9999, 平仓价格4136.2, 收益率-0.002473500905621474, 仓位0.18139883769204976
2023-03-01 15:20:01,034 - ts_mome_backtest_new.py[line:70] - INFO: 平仓IM9999, 平仓价格7003.4, 收益率0.018070614229204196, 仓位0.8186011623079502
2023-03-01 15:20:01,035 - ts_mome_backtest_new.py[line:159] - INFO: 多IF空IM; IF开仓4079.8, 仓位0.26839908136568846; IM开仓6848.8, 仓位0.7316009186343114.
2023-03-01 15:20:01,035 - ts_mome_backtest_new.py[line:173] - INFO: 2023-02-09 00:00:00交易结束, 当天总收益率为0.018070614229204196
2023-03-01 15:20:01,036 - ts_mome_backtest_new.py[line:83] - INFO: ----------------------------------------------
2023-03-01 15:20:01,036 - ts_mome_backtest_new.py[line:84] - INFO: 2023-02-08 00:00:00交易开始
2023-03-01 15:20:01,037 - ts_mome_backtest_new.py[line:70] - INFO: 平仓IF9999, 平仓价格4079.8, 收益率0.0016578402986458405, 仓位0.26839908136568846
2023-03-01 15:20:01,037 - ts_mome_backtest_new.py[line:70] - INFO: 平仓IM9999, 平仓价格6848.8, 收益率-0.006238391199661768, 仓位0.7316009186343114
2023-03-01 15:20:01,037 - ts_mome_backtest_new.py[line:134] - INFO: 标的因子值相差大于阈值, 进行新交易
2023-03-01 15:20:01,038 - ts_mome_backtest_new.py[line:70] - INFO: 平仓IF9999, 平仓价格4079.8, 收益率0.0016578402986458405, 仓位0.26839908136568846
2023-03-01 15:20:01,038 - ts_mome_backtest_new.py[line:70] - INFO: 平仓IM9999, 平仓价格6848.8, 收益率-0.006238391199661768, 仓位0.7316009186343114
2023-03-01 15:20:01,039 - ts_mome_backtest_new.py[line:159] - INFO: 多IF空IM; IF开仓4105.0, 仓位0.4202891502941768; IM开仓6907.2, 仓位0.5797108497058232.
2023-03-01 15:20:01,040 - ts_mome_backtest_new.py[line:173] - INFO: 2023-02-08 00:00:00交易结束, 当天总收益率为-0.006238391199661768
2023-03-01 15:20:01,040 - ts_mome_backtest_new.py[line:83] - INFO: ----------------------------------------------
2023-03-01 15:20:01,040 - ts_mome_backtest_new.py[line:84] - INFO: 2023-02-07 00:00:00交易开始
2023-03-01 15:20:01,041 - ts_mome_backtest_new.py[line:70] - INFO: 平仓IF9999, 平仓价格4105.0, 收益率0.00030715406842448973, 仓位0.4202891502941768
2023-03-01 15:20:01,042 - ts_mome_backtest_new.py[line:70] - INFO: 平仓IM9999, 平仓价格6907.2, 收益率0.0005874994133571871, 仓位0.5797108497058232
2023-03-01 15:20:01,042 - ts_mome_backtest_new.py[line:134] - INFO: 标的因子值相差大于阈值, 进行新交易
2023-03-01 15:20:01,043 - ts_mome_backtest_new.py[line:70] - INFO: 平仓IF9999, 平仓价格4105.0, 收益率0.00030715406842448973, 仓位0.4202891502941768
2023-03-01 15:20:01,043 - ts_mome_backtest_new.py[line:70] - INFO: 平仓IM9999, 平仓价格6907.2, 收益率0.0005874994133571871, 仓位0.5797108497058232
2023-03-01 15:20:01,043 - ts_mome_backtest_new.py[line:159] - INFO: 多IF空IM; IF开仓4108.0, 仓位0.3714135574080569; IM开仓6900.2, 仓位0.628586442591943.
2023-03-01 15:20:01,044 - ts_mome_backtest_new.py[line:173] - INFO: 2023-02-07 00:00:00交易结束, 当天总收益率为0.0005874994133571871
2023-03-01 15:20:01,045 - ts_mome_backtest_new.py[line:83] - INFO: ----------------------------------------------
2023-03-01 15:20:01,045 - ts_mome_backtest_new.py[line:84] - INFO: 2023-02-06 00:00:00交易开始
2023-03-01 15:20:01,046 - ts_mome_backtest_new.py[line:70] - INFO: 平仓IF9999, 平仓价格4108.0, 收益率-0.00023507187177728412, 仓位0.3714135574080569
2023-03-01 15:20:01,046 - ts_mome_backtest_new.py[line:70] - INFO: 平仓IM9999, 平仓价格6900.2, 收益率0.002404956680158121, 仓位0.628586442591943
2023-03-01 15:20:01,046 - ts_mome_backtest_new.py[line:134] - INFO: 标的因子值相差大于阈值, 进行新交易
2023-03-01 15:20:01,047 - ts_mome_backtest_new.py[line:70] - INFO: 平仓IF9999, 平仓价格4108.0, 收益率-0.00023507187177728412, 仓位0.3714135574080569
2023-03-01 15:20:01,047 - ts_mome_backtest_new.py[line:70] - INFO: 平仓IM9999, 平仓价格6900.2, 收益率0.002404956680158121, 仓位0.628586442591943
2023-03-01 15:20:01,048 - ts_mome_backtest_new.py[line:159] - INFO: 多IF空IM; IF开仓4105.4, 仓位0.5559725695108925; IM开仓6873.8, 仓位0.44402743048910753.
2023-03-01 15:20:01,049 - ts_mome_backtest_new.py[line:173] - INFO: 2023-02-06 00:00:00交易结束, 当天总收益率为0.002404956680158121
2023-03-01 15:20:01,049 - ts_mome_backtest_new.py[line:83] - INFO: ----------------------------------------------
2023-03-01 15:20:01,049 - ts_mome_backtest_new.py[line:84] - INFO: 2023-02-03 00:00:00交易开始
2023-03-01 15:20:01,050 - ts_mome_backtest_new.py[line:70] - INFO: 平仓IF9999, 平仓价格4105.4, 收益率0.007583783283628874, 仓位0.5559725695108925
2023-03-01 15:20:01,050 - ts_mome_backtest_new.py[line:70] - INFO: 平仓IM9999, 平仓价格6873.8, 收益率-0.0031264988268021533, 仓位0.44402743048910753
2023-03-01 15:20:01,051 - ts_mome_backtest_new.py[line:134] - INFO: 标的因子值相差大于阈值, 进行新交易
2023-03-01 15:20:01,051 - ts_mome_backtest_new.py[line:70] - INFO: 平仓IF9999, 平仓价格4105.4, 收益率0.007583783283628874, 仓位0.5559725695108925
2023-03-01 15:20:01,052 - ts_mome_backtest_new.py[line:70] - INFO: 平仓IM9999, 平仓价格6873.8, 收益率-0.0031264988268021533, 仓位0.44402743048910753
2023-03-01 15:20:01,052 - ts_mome_backtest_new.py[line:167] - INFO: 空IF多IM; IF开仓4161.4, 仓位0.6034875219648955; IM开仓6922.2, 仓位0.3965124780351044.
2023-03-01 15:20:01,053 - ts_mome_backtest_new.py[line:173] - INFO: 2023-02-03 00:00:00交易结束, 当天总收益率为-0.0031264988268021533
2023-03-01 15:20:01,053 - ts_mome_backtest_new.py[line:83] - INFO: ----------------------------------------------
2023-03-01 15:20:01,053 - ts_mome_backtest_new.py[line:84] - INFO: 2023-02-02 00:00:00交易开始
2023-03-01 15:20:01,054 - ts_mome_backtest_new.py[line:70] - INFO: 平仓IF9999, 平仓价格4161.4, 收益率-0.008150141475087127, 仓位0.6034875219648955
2023-03-01 15:20:01,054 - ts_mome_backtest_new.py[line:70] - INFO: 平仓IM9999, 平仓价格6922.2, 收益率0.001019606788163435, 仓位0.3965124780351044
2023-03-01 15:20:01,055 - ts_mome_backtest_new.py[line:134] - INFO: 标的因子值相差大于阈值, 进行新交易
2023-03-01 15:20:01,055 - ts_mome_backtest_new.py[line:70] - INFO: 平仓IF9999, 平仓价格4161.4, 收益率-0.008150141475087127, 仓位0.6034875219648955
2023-03-01 15:20:01,056 - ts_mome_backtest_new.py[line:70] - INFO: 平仓IM9999, 平仓价格6922.2, 收益率0.001019606788163435, 仓位0.3965124780351044
2023-03-01 15:20:01,056 - ts_mome_backtest_new.py[line:159] - INFO: 多IF空IM; IF开仓4217.6, 仓位0.8595104132734328; IM开仓6940.0, 仓位0.1404895867265673.
2023-03-01 15:20:01,057 - ts_mome_backtest_new.py[line:173] - INFO: 2023-02-02 00:00:00交易结束, 当天总收益率为0.001019606788163435
2023-03-01 15:20:01,058 - ts_mome_backtest_new.py[line:83] - INFO: ----------------------------------------------
2023-03-01 15:20:01,058 - ts_mome_backtest_new.py[line:84] - INFO: 2023-02-01 00:00:00交易开始
2023-03-01 15:20:01,059 - ts_mome_backtest_new.py[line:70] - INFO: 平仓IF9999, 平仓价格4217.6, 收益率-0.003994310532093986, 仓位0.8595104132734328
2023-03-01 15:20:01,060 - ts_mome_backtest_new.py[line:70] - INFO: 平仓IM9999, 平仓价格6940.0, 收益率0.002048637777626597, 仓位0.1404895867265673
2023-03-01 15:20:01,060 - ts_mome_backtest_new.py[line:134] - INFO: 标的因子值相差大于阈值, 进行新交易
2023-03-01 15:20:01,061 - ts_mome_backtest_new.py[line:70] - INFO: 平仓IF9999, 平仓价格4217.6, 收益率-0.003994310532093986, 仓位0.8595104132734328
2023-03-01 15:20:01,061 - ts_mome_backtest_new.py[line:70] - INFO: 平仓IM9999, 平仓价格6940.0, 收益率0.002048637777626597, 仓位0.1404895867265673
2023-03-01 15:20:01,061 - ts_mome_backtest_new.py[line:159] - INFO: 多IF空IM; IF开仓4198.0, 仓位0.7935811550685781; IM开仓6838.8, 仓位0.20641884493142182.
2023-03-01 15:20:01,062 - ts_mome_backtest_new.py[line:173] - INFO: 2023-02-01 00:00:00交易结束, 当天总收益率为0.002048637777626597
2023-03-01 15:20:01,062 - ts_mome_backtest_new.py[line:83] - INFO: ----------------------------------------------
2023-03-01 15:20:01,063 - ts_mome_backtest_new.py[line:84] - INFO: 2023-01-31 00:00:00交易开始
2023-03-01 15:20:01,064 - ts_mome_backtest_new.py[line:70] - INFO: 平仓IF9999, 平仓价格4198.0, 收益率0.0043856795611221695, 仓位0.7935811550685781
2023-03-01 15:20:01,064 - ts_mome_backtest_new.py[line:70] - INFO: 平仓IM9999, 平仓价格6838.8, 收益率0.0014065505898409561, 仓位0.20641884493142182
2023-03-01 15:20:01,065 - ts_mome_backtest_new.py[line:134] - INFO: 标的因子值相差大于阈值, 进行新交易
2023-03-01 15:20:01,065 - ts_mome_backtest_new.py[line:70] - INFO: 平仓IF9999, 平仓价格4198.0, 收益率0.0043856795611221695, 仓位0.7935811550685781
2023-03-01 15:20:01,066 - ts_mome_backtest_new.py[line:70] - INFO: 平仓IM9999, 平仓价格6838.8, 收益率0.0014065505898409561, 仓位0.20641884493142182
2023-03-01 15:20:01,067 - ts_mome_backtest_new.py[line:159] - INFO: 多IF空IM; IF开仓4221.2, 仓位0.16345467463368782; IM开仓6792.2, 仓位0.8365453253663122.
2023-03-01 15:20:01,068 - ts_mome_backtest_new.py[line:173] - INFO: 2023-01-31 00:00:00交易结束, 当天总收益率为0.0014065505898409561
2023-03-01 15:20:01,068 - ts_mome_backtest_new.py[line:83] - INFO: ----------------------------------------------
2023-03-01 15:20:01,069 - ts_mome_backtest_new.py[line:84] - INFO: 2023-01-30 00:00:00交易开始
2023-03-01 15:20:01,070 - ts_mome_backtest_new.py[line:70] - INFO: 平仓IF9999, 平仓价格4221.2, 收益率0.002276872659068718, 仓位0.16345467463368782
2023-03-01 15:20:01,070 - ts_mome_backtest_new.py[line:70] - INFO: 平仓IM9999, 平仓价格6792.2, 收益率-0.010961475509790906, 仓位0.8365453253663122
2023-03-01 15:20:01,071 - ts_mome_backtest_new.py[line:134] - INFO: 标的因子值相差大于阈值, 进行新交易
2023-03-01 15:20:01,072 - ts_mome_backtest_new.py[line:70] - INFO: 平仓IF9999, 平仓价格4221.2, 收益率0.002276872659068718, 仓位0.16345467463368782
2023-03-01 15:20:01,072 - ts_mome_backtest_new.py[line:70] - INFO: 平仓IM9999, 平仓价格6792.2, 收益率-0.010961475509790906, 仓位0.8365453253663122
2023-03-01 15:20:01,073 - ts_mome_backtest_new.py[line:159] - INFO: 多IF空IM; IF开仓4280.0, 仓位0.121066135136174; IM开仓6881.2, 仓位0.878933864863826.
2023-03-01 15:20:01,073 - ts_mome_backtest_new.py[line:173] - INFO: 2023-01-30 00:00:00交易结束, 当天总收益率为-0.010961475509790906
2023-03-01 15:20:01,074 - ts_mome_backtest_new.py[line:83] - INFO: ----------------------------------------------
2023-03-01 15:20:01,074 - ts_mome_backtest_new.py[line:84] - INFO: 2023-01-20 00:00:00交易开始
2023-03-01 15:20:01,075 - ts_mome_backtest_new.py[line:70] - INFO: 平仓IF9999, 平仓价格4280.0, 收益率-0.0024948675511706833, 仓位0.121066135136174
2023-03-01 15:20:01,076 - ts_mome_backtest_new.py[line:70] - INFO: 平仓IM9999, 平仓价格6881.2, 收益率0.018520811835908674, 仓位0.878933864863826
2023-03-01 15:20:01,077 - ts_mome_backtest_new.py[line:134] - INFO: 标的因子值相差大于阈值, 进行新交易
2023-03-01 15:20:01,077 - ts_mome_backtest_new.py[line:70] - INFO: 平仓IF9999, 平仓价格4280.0, 收益率-0.0024948675511706833, 仓位0.121066135136174
2023-03-01 15:20:01,077 - ts_mome_backtest_new.py[line:70] - INFO: 平仓IM9999, 平仓价格6881.2, 收益率0.018520811835908674, 仓位0.878933864863826
2023-03-01 15:20:01,078 - ts_mome_backtest_new.py[line:159] - INFO: 多IF空IM; IF开仓4191.8, 仓位0.050510187486928766; IM开仓6736.2, 仓位0.9494898125130712.
2023-03-01 15:20:01,079 - ts_mome_backtest_new.py[line:173] - INFO: 2023-01-20 00:00:00交易结束, 当天总收益率为0.018520811835908674
2023-03-01 15:20:01,079 - ts_mome_backtest_new.py[line:83] - INFO: ----------------------------------------------
2023-03-01 15:20:01,079 - ts_mome_backtest_new.py[line:84] - INFO: 2023-01-19 00:00:00交易开始
2023-03-01 15:20:01,080 - ts_mome_backtest_new.py[line:70] - INFO: 平仓IF9999, 平仓价格4191.8, 收益率-0.0008483031630993397, 仓位0.050510187486928766
2023-03-01 15:20:01,080 - ts_mome_backtest_new.py[line:70] - INFO: 平仓IM9999, 平仓价格6736.2, 收益率0.01809840739982156, 仓位0.9494898125130712
2023-03-01 15:20:01,081 - ts_mome_backtest_new.py[line:134] - INFO: 标的因子值相差大于阈值, 进行新交易
2023-03-01 15:20:01,082 - ts_mome_backtest_new.py[line:70] - INFO: 平仓IF9999, 平仓价格4191.8, 收益率-0.0008483031630993397, 仓位0.050510187486928766
2023-03-01 15:20:01,082 - ts_mome_backtest_new.py[line:70] - INFO: 平仓IM9999, 平仓价格6736.2, 收益率0.01809840739982156, 仓位0.9494898125130712
2023-03-01 15:20:01,083 - ts_mome_backtest_new.py[line:159] - INFO: 多IF空IM; IF开仓4121.4, 仓位0.0007396106156483027; IM开仓6607.8, 仓位0.9992603893843516.
2023-03-01 15:20:01,083 - ts_mome_backtest_new.py[line:173] - INFO: 2023-01-19 00:00:00交易结束, 当天总收益率为0.01809840739982156
2023-03-01 15:20:01,083 - ts_mome_backtest_new.py[line:83] - INFO: ----------------------------------------------
2023-03-01 15:20:01,083 - ts_mome_backtest_new.py[line:84] - INFO: 2023-01-18 00:00:00交易开始
2023-03-01 15:20:01,084 - ts_mome_backtest_new.py[line:70] - INFO: 平仓IF9999, 平仓价格4121.4, 收益率5.670814639318347e-06, 仓位0.0007396106156483027
2023-03-01 15:20:01,085 - ts_mome_backtest_new.py[line:70] - INFO: 平仓IM9999, 平仓价格6607.8, 收益率-0.001965916804684853, 仓位0.9992603893843516
2023-03-01 15:20:01,085 - ts_mome_backtest_new.py[line:134] - INFO: 标的因子值相差大于阈值, 进行新交易
2023-03-01 15:20:01,085 - ts_mome_backtest_new.py[line:70] - INFO: 平仓IF9999, 平仓价格4121.4, 收益率5.670814639318347e-06, 仓位0.0007396106156483027
2023-03-01 15:20:01,086 - ts_mome_backtest_new.py[line:70] - INFO: 平仓IM9999, 平仓价格6607.8, 收益率-0.001965916804684853, 仓位0.9992603893843516
2023-03-01 15:20:01,086 - ts_mome_backtest_new.py[line:159] - INFO: 多IF空IM; IF开仓4153.0, 仓位0.554336641499761; IM开仓6620.8, 仓位0.44566335850023897.
2023-03-01 15:20:01,087 - ts_mome_backtest_new.py[line:173] - INFO: 2023-01-18 00:00:00交易结束, 当天总收益率为-0.001965916804684853
2023-03-01 15:20:01,087 - ts_mome_backtest_new.py[line:83] - INFO: ----------------------------------------------
2023-03-01 15:20:01,087 - ts_mome_backtest_new.py[line:84] - INFO: 2023-01-17 00:00:00交易开始
2023-03-01 15:20:01,088 - ts_mome_backtest_new.py[line:70] - INFO: 平仓IF9999, 平仓价格4153.0, 收益率-0.0002669572075606843, 仓位0.554336641499761
2023-03-01 15:20:01,088 - ts_mome_backtest_new.py[line:70] - INFO: 平仓IM9999, 平仓价格6620.8, 收益率0.000996226695535829, 仓位0.44566335850023897
2023-03-01 15:20:01,089 - ts_mome_backtest_new.py[line:134] - INFO: 标的因子值相差大于阈值, 进行新交易
2023-03-01 15:20:01,089 - ts_mome_backtest_new.py[line:70] - INFO: 平仓IF9999, 平仓价格4153.0, 收益率-0.0002669572075606843, 仓位0.554336641499761
2023-03-01 15:20:01,090 - ts_mome_backtest_new.py[line:70] - INFO: 平仓IM9999, 平仓价格6620.8, 收益率0.000996226695535829, 仓位0.44566335850023897
2023-03-01 15:20:01,090 - ts_mome_backtest_new.py[line:167] - INFO: 空IF多IM; IF开仓4151.0, 仓位0.28382035503140896; IM开仓6606.0, 仓位0.716179644968591.
2023-03-01 15:20:01,091 - ts_mome_backtest_new.py[line:173] - INFO: 2023-01-17 00:00:00交易结束, 当天总收益率为0.000996226695535829
2023-03-01 15:20:01,091 - ts_mome_backtest_new.py[line:83] - INFO: ----------------------------------------------
2023-03-01 15:20:01,092 - ts_mome_backtest_new.py[line:84] - INFO: 2023-01-16 00:00:00交易开始
2023-03-01 15:20:01,093 - ts_mome_backtest_new.py[line:70] - INFO: 平仓IF9999, 平仓价格4151.0, 收益率0.0041297878689224585, 仓位0.28382035503140896
2023-03-01 15:20:01,094 - ts_mome_backtest_new.py[line:70] - INFO: 平仓IM9999, 平仓价格6606.0, 收益率-0.0071552916391049055, 仓位0.716179644968591
2023-03-01 15:20:01,095 - ts_mome_backtest_new.py[line:134] - INFO: 标的因子值相差大于阈值, 进行新交易
2023-03-01 15:20:01,095 - ts_mome_backtest_new.py[line:70] - INFO: 平仓IF9999, 平仓价格4151.0, 收益率0.0041297878689224585, 仓位0.28382035503140896
2023-03-01 15:20:01,096 - ts_mome_backtest_new.py[line:70] - INFO: 平仓IM9999, 平仓价格6606.0, 收益率-0.0071552916391049055, 仓位0.716179644968591
2023-03-01 15:20:01,097 - ts_mome_backtest_new.py[line:159] - INFO: 多IF空IM; IF开仓4090.6, 仓位0.2927426950932426; IM开仓6540.0, 仓位0.7072573049067575.
2023-03-01 15:20:01,097 - ts_mome_backtest_new.py[line:173] - INFO: 2023-01-16 00:00:00交易结束, 当天总收益率为-0.0071552916391049055
2023-03-01 15:20:01,098 - ts_mome_backtest_new.py[line:83] - INFO: ----------------------------------------------
2023-03-01 15:20:01,098 - ts_mome_backtest_new.py[line:84] - INFO: 2023-01-13 00:00:00交易开始
2023-03-01 15:20:01,099 - ts_mome_backtest_new.py[line:70] - INFO: 平仓IF9999, 平仓价格4090.6, 收益率-0.0038358696663075773, 仓位0.2927426950932426
2023-03-01 15:20:01,100 - ts_mome_backtest_new.py[line:70] - INFO: 平仓IM9999, 平仓价格6540.0, 收益率0.003265928227551063, 仓位0.7072573049067575
2023-03-01 15:20:01,101 - ts_mome_backtest_new.py[line:134] - INFO: 标的因子值相差大于阈值, 进行新交易
2023-03-01 15:20:01,101 - ts_mome_backtest_new.py[line:70] - INFO: 平仓IF9999, 平仓价格4090.6, 收益率-0.0038358696663075773, 仓位0.2927426950932426
2023-03-01 15:20:01,102 - ts_mome_backtest_new.py[line:70] - INFO: 平仓IM9999, 平仓价格6540.0, 收益率0.003265928227551063, 仓位0.7072573049067575
2023-03-01 15:20:01,103 - ts_mome_backtest_new.py[line:159] - INFO: 多IF空IM; IF开仓4037.0, 仓位0.2494550866360497; IM开仓6509.8, 仓位0.7505449133639504.
2023-03-01 15:20:01,104 - ts_mome_backtest_new.py[line:173] - INFO: 2023-01-13 00:00:00交易结束, 当天总收益率为0.003265928227551063
2023-03-01 15:20:01,104 - ts_mome_backtest_new.py[line:83] - INFO: ----------------------------------------------
2023-03-01 15:20:01,104 - ts_mome_backtest_new.py[line:84] - INFO: 2023-01-12 00:00:00交易开始
2023-03-01 15:20:01,105 - ts_mome_backtest_new.py[line:70] - INFO: 平仓IF9999, 平仓价格4037.0, 收益率-0.0004572622346065867, 仓位0.2494550866360497
2023-03-01 15:20:01,106 - ts_mome_backtest_new.py[line:70] - INFO: 平仓IM9999, 平仓价格6509.8, 收益率0.001129887270110733, 仓位0.7505449133639504
2023-03-01 15:20:01,106 - ts_mome_backtest_new.py[line:134] - INFO: 标的因子值相差大于阈值, 进行新交易
2023-03-01 15:20:01,107 - ts_mome_backtest_new.py[line:70] - INFO: 平仓IF9999, 平仓价格4037.0, 收益率-0.0004572622346065867, 仓位0.2494550866360497
2023-03-01 15:20:01,107 - ts_mome_backtest_new.py[line:70] - INFO: 平仓IM9999, 平仓价格6509.8, 收益率0.001129887270110733, 仓位0.7505449133639504
2023-03-01 15:20:01,108 - ts_mome_backtest_new.py[line:159] - INFO: 多IF空IM; IF开仓4029.6, 仓位0.40404940235145154; IM开仓6500.0, 仓位0.5959505976485484.
2023-03-01 15:20:01,109 - ts_mome_backtest_new.py[line:173] - INFO: 2023-01-12 00:00:00交易结束, 当天总收益率为0.001129887270110733
2023-03-01 15:20:01,109 - ts_mome_backtest_new.py[line:83] - INFO: ----------------------------------------------
2023-03-01 15:20:01,109 - ts_mome_backtest_new.py[line:84] - INFO: 2023-01-11 00:00:00交易开始
2023-03-01 15:20:01,111 - ts_mome_backtest_new.py[line:70] - INFO: 平仓IF9999, 平仓价格4029.6, 收益率-0.0007620546599838681, 仓位0.40404940235145154
2023-03-01 15:20:01,111 - ts_mome_backtest_new.py[line:70] - INFO: 平仓IM9999, 平仓价格6500.0, 收益率-0.0035757035858912907, 仓位0.5959505976485484
2023-03-01 15:20:01,112 - ts_mome_backtest_new.py[line:134] - INFO: 标的因子值相差大于阈值, 进行新交易
2023-03-01 15:20:01,113 - ts_mome_backtest_new.py[line:70] - INFO: 平仓IF9999, 平仓价格4029.6, 收益率-0.0007620546599838681, 仓位0.40404940235145154
2023-03-01 15:20:01,113 - ts_mome_backtest_new.py[line:70] - INFO: 平仓IM9999, 平仓价格6500.0, 收益率-0.0035757035858912907, 仓位0.5959505976485484
2023-03-01 15:20:01,114 - ts_mome_backtest_new.py[line:159] - INFO: 多IF空IM; IF开仓4022.0, 仓位0.5226046690917252; IM开仓6539.0, 仓位0.47739533090827485.
2023-03-01 15:20:01,115 - ts_mome_backtest_new.py[line:173] - INFO: 2023-01-11 00:00:00交易结束, 当天总收益率为-0.0035757035858912907
2023-03-01 15:20:01,115 - ts_mome_backtest_new.py[line:83] - INFO: ----------------------------------------------
2023-03-01 15:20:01,116 - ts_mome_backtest_new.py[line:84] - INFO: 2023-01-10 00:00:00交易开始
2023-03-01 15:20:01,117 - ts_mome_backtest_new.py[line:70] - INFO: 平仓IF9999, 平仓价格4022.0, 收益率-0.001039492131460418, 仓位0.5226046690917252
2023-03-01 15:20:01,118 - ts_mome_backtest_new.py[line:70] - INFO: 平仓IM9999, 平仓价格6539.0, 收益率0.0008760886941274351, 仓位0.47739533090827485
2023-03-01 15:20:01,119 - ts_mome_backtest_new.py[line:134] - INFO: 标的因子值相差大于阈值, 进行新交易
2023-03-01 15:20:01,125 - ts_mome_backtest_new.py[line:70] - INFO: 平仓IF9999, 平仓价格4022.0, 收益率-0.001039492131460418, 仓位0.5226046690917252
2023-03-01 15:20:01,126 - ts_mome_backtest_new.py[line:70] - INFO: 平仓IM9999, 平仓价格6539.0, 收益率0.0008760886941274351, 仓位0.47739533090827485
2023-03-01 15:20:01,127 - ts_mome_backtest_new.py[line:167] - INFO: 空IF多IM; IF开仓4014.0, 仓位0.7072787408468312; IM开仓6527.0, 仓位0.2927212591531688.
2023-03-01 15:20:01,129 - ts_mome_backtest_new.py[line:173] - INFO: 2023-01-10 00:00:00交易结束, 当天总收益率为0.0008760886941274351
2023-03-01 15:20:01,129 - ts_mome_backtest_new.py[line:83] - INFO: ----------------------------------------------
2023-03-01 15:20:01,130 - ts_mome_backtest_new.py[line:84] - INFO: 2023-01-09 00:00:00交易开始
2023-03-01 15:20:01,133 - ts_mome_backtest_new.py[line:70] - INFO: 平仓IF9999, 平仓价格4014.0, 收益率0.0010572178487994487, 仓位0.7072787408468312
2023-03-01 15:20:01,134 - ts_mome_backtest_new.py[line:70] - INFO: 平仓IM9999, 平仓价格6527.0, 收益率-0.0003946601931282272, 仓位0.2927212591531688
2023-03-01 15:20:01,136 - ts_mome_backtest_new.py[line:134] - INFO: 标的因子值相差大于阈值, 进行新交易
2023-03-01 15:20:01,136 - ts_mome_backtest_new.py[line:70] - INFO: 平仓IF9999, 平仓价格4014.0, 收益率0.0010572178487994487, 仓位0.7072787408468312
2023-03-01 15:20:01,137 - ts_mome_backtest_new.py[line:70] - INFO: 平仓IM9999, 平仓价格6527.0, 收益率-0.0003946601931282272, 仓位0.2927212591531688
2023-03-01 15:20:01,139 - ts_mome_backtest_new.py[line:167] - INFO: 空IF多IM; IF开仓4008.0, 仓位0.5156772847584137; IM开仓6518.2, 仓位0.4843227152415863.
2023-03-01 15:20:01,141 - ts_mome_backtest_new.py[line:173] - INFO: 2023-01-09 00:00:00交易结束, 当天总收益率为-0.0003946601931282272
2023-03-01 15:20:01,142 - ts_mome_backtest_new.py[line:83] - INFO: ----------------------------------------------
2023-03-01 15:20:01,142 - ts_mome_backtest_new.py[line:84] - INFO: 2023-01-06 00:00:00交易开始
2023-03-01 15:20:01,143 - ts_mome_backtest_new.py[line:70] - INFO: 平仓IF9999, 平仓价格4008.0, 收益率0.00422011350800301, 仓位0.5156772847584137
2023-03-01 15:20:01,144 - ts_mome_backtest_new.py[line:70] - INFO: 平仓IM9999, 平仓价格6518.2, 收益率-0.002303397283374118, 仓位0.4843227152415863
2023-03-01 15:20:01,145 - ts_mome_backtest_new.py[line:134] - INFO: 标的因子值相差大于阈值, 进行新交易
2023-03-01 15:20:01,146 - ts_mome_backtest_new.py[line:70] - INFO: 平仓IF9999, 平仓价格4008.0, 收益率0.00422011350800301, 仓位0.5156772847584137
2023-03-01 15:20:01,146 - ts_mome_backtest_new.py[line:70] - INFO: 平仓IM9999, 平仓价格6518.2, 收益率-0.002303397283374118, 仓位0.4843227152415863
2023-03-01 15:20:01,148 - ts_mome_backtest_new.py[line:167] - INFO: 空IF多IM; IF开仓3975.2, 仓位0.8645307798881934; IM开仓6487.2, 仓位0.13546922011180657.
2023-03-01 15:20:01,149 - ts_mome_backtest_new.py[line:173] - INFO: 2023-01-06 00:00:00交易结束, 当天总收益率为-0.002303397283374118
2023-03-01 15:20:01,149 - ts_mome_backtest_new.py[line:83] - INFO: ----------------------------------------------
2023-03-01 15:20:01,150 - ts_mome_backtest_new.py[line:84] - INFO: 2023-01-05 00:00:00交易开始
2023-03-01 15:20:01,151 - ts_mome_backtest_new.py[line:70] - INFO: 平仓IF9999, 平仓价格3975.2, 收益率0.011178527391389824, 仓位0.8645307798881934
2023-03-01 15:20:01,151 - ts_mome_backtest_new.py[line:70] - INFO: 平仓IM9999, 平仓价格6487.2, 收益率-0.0011151276905244823, 仓位0.13546922011180657
2023-03-01 15:20:01,152 - ts_mome_backtest_new.py[line:134] - INFO: 标的因子值相差大于阈值, 进行新交易
2023-03-01 15:20:01,152 - ts_mome_backtest_new.py[line:70] - INFO: 平仓IF9999, 平仓价格3975.2, 收益率0.011178527391389824, 仓位0.8645307798881934
2023-03-01 15:20:01,153 - ts_mome_backtest_new.py[line:70] - INFO: 平仓IM9999, 平仓价格6487.2, 收益率-0.0011151276905244823, 仓位0.13546922011180657
2023-03-01 15:20:01,155 - ts_mome_backtest_new.py[line:167] - INFO: 空IF多IM; IF开仓3923.8, 仓位0.3982795035078904; IM开仓6433.8, 仓位0.6017204964921097.
2023-03-01 15:20:01,157 - ts_mome_backtest_new.py[line:173] - INFO: 2023-01-05 00:00:00交易结束, 当天总收益率为-0.0011151276905244823
2023-03-01 15:20:01,157 - ts_mome_backtest_new.py[line:83] - INFO: ----------------------------------------------
2023-03-01 15:20:01,158 - ts_mome_backtest_new.py[line:84] - INFO: 2023-01-04 00:00:00交易开始
2023-03-01 15:20:01,159 - ts_mome_backtest_new.py[line:70] - INFO: 平仓IF9999, 平仓价格3923.8, 收益率0.002679692872370748, 仓位0.3982795035078904
2023-03-01 15:20:01,160 - ts_mome_backtest_new.py[line:70] - INFO: 平仓IM9999, 平仓价格6433.8, 收益率-0.0012906436090010915, 仓位0.6017204964921097
2023-03-01 15:20:01,160 - ts_mome_backtest_new.py[line:134] - INFO: 标的因子值相差大于阈值, 进行新交易
2023-03-01 15:20:01,161 - ts_mome_backtest_new.py[line:70] - INFO: 平仓IF9999, 平仓价格3923.8, 收益率0.002679692872370748, 仓位0.3982795035078904
2023-03-01 15:20:01,162 - ts_mome_backtest_new.py[line:70] - INFO: 平仓IM9999, 平仓价格6433.8, 收益率-0.0012906436090010915, 仓位0.6017204964921097
2023-03-01 15:20:01,163 - ts_mome_backtest_new.py[line:159] - INFO: 多IF空IM; IF开仓3897.4, 仓位0.2730933530234081; IM开仓6420.0, 仓位0.7269066469765918.
2023-03-01 15:20:01,163 - ts_mome_backtest_new.py[line:173] - INFO: 2023-01-04 00:00:00交易结束, 当天总收益率为-0.0012906436090010915
2023-03-01 15:20:01,164 - ts_mome_backtest_new.py[line:83] - INFO: ----------------------------------------------
2023-03-01 15:20:01,164 - ts_mome_backtest_new.py[line:84] - INFO: 2023-01-03 00:00:00交易开始
2023-03-01 15:20:01,165 - ts_mome_backtest_new.py[line:70] - INFO: 平仓IF9999, 平仓价格3897.4, 收益率-0.0025505716760024833, 仓位0.2730933530234081
2023-03-01 15:20:01,166 - ts_mome_backtest_new.py[line:70] - INFO: 平仓IM9999, 平仓价格6420.0, 收益率0.015851546818804182, 仓位0.7269066469765918
2023-03-01 15:20:01,166 - ts_mome_backtest_new.py[line:134] - INFO: 标的因子值相差大于阈值, 进行新交易
2023-03-01 15:20:01,167 - ts_mome_backtest_new.py[line:70] - INFO: 平仓IF9999, 平仓价格3897.4, 收益率-0.0025505716760024833, 仓位0.2730933530234081
2023-03-01 15:20:01,167 - ts_mome_backtest_new.py[line:70] - INFO: 平仓IM9999, 平仓价格6420.0, 收益率0.015851546818804182, 仓位0.7269066469765918
2023-03-01 15:20:01,168 - ts_mome_backtest_new.py[line:159] - INFO: 多IF空IM; IF开仓3861.0, 仓位0.37139158148130974; IM开仓6280.0, 仓位0.6286084185186902.
2023-03-01 15:20:01,168 - ts_mome_backtest_new.py[line:173] - INFO: 2023-01-03 00:00:00交易结束, 当天总收益率为0.015851546818804182
